2025-10-30 15:43 +05:30: Ignoring invalid configuration option passed to Connection: acquireTimeout. This is currently a warning, but in future versions of MySQL2, an error will be thrown if you pass an invalid configuration option to a Connection
2025-10-30 15:43 +05:30: Ignoring invalid configuration option passed to Connection: timeout. This is currently a warning, but in future versions of MySQL2, an error will be thrown if you pass an invalid configuration option to a Connection
2025-10-30 15:43 +05:30: Ignoring invalid configuration option passed to Connection: reconnect. This is currently a warning, but in future versions of MySQL2, an error will be thrown if you pass an invalid configuration option to a Connection
2025-10-30 15:43 +05:30: 🔄 Enhanced System Monitor: Continuous monitoring started
2025-10-30 15:43 +05:30: ✅ Enhanced System Monitor: Connected to PM2
2025-10-30 15:43 +05:30: Database query error: Access denied for user 'root'@'localhost' (using password: YES)
2025-10-30 15:43 +05:30: ❌ Failed to start server: Access denied for user 'root'@'localhost' (using password: YES)
2025-10-30 15:43 +05:30: Ignoring invalid configuration option passed to Connection: acquireTimeout. This is currently a warning, but in future versions of MySQL2, an error will be thrown if you pass an invalid configuration option to a Connection
2025-10-30 15:43 +05:30: Ignoring invalid configuration option passed to Connection: timeout. This is currently a warning, but in future versions of MySQL2, an error will be thrown if you pass an invalid configuration option to a Connection
2025-10-30 15:43 +05:30: Ignoring invalid configuration option passed to Connection: reconnect. This is currently a warning, but in future versions of MySQL2, an error will be thrown if you pass an invalid configuration option to a Connection
2025-10-30 15:43 +05:30: 🔄 Enhanced System Monitor: Continuous monitoring started
2025-10-30 15:43 +05:30: ✅ Enhanced System Monitor: Connected to PM2
2025-10-30 15:43 +05:30: Database query error: Access denied for user 'root'@'localhost' (using password: YES)
2025-10-30 15:43 +05:30: ❌ Failed to start server: Access denied for user 'root'@'localhost' (using password: YES)
2025-10-30 15:43 +05:30: Ignoring invalid configuration option passed to Connection: acquireTimeout. This is currently a warning, but in future versions of MySQL2, an error will be thrown if you pass an invalid configuration option to a Connection
2025-10-30 15:43 +05:30: Ignoring invalid configuration option passed to Connection: timeout. This is currently a warning, but in future versions of MySQL2, an error will be thrown if you pass an invalid configuration option to a Connection
2025-10-30 15:43 +05:30: Ignoring invalid configuration option passed to Connection: reconnect. This is currently a warning, but in future versions of MySQL2, an error will be thrown if you pass an invalid configuration option to a Connection
2025-10-30 15:43 +05:30: 🔄 Enhanced System Monitor: Continuous monitoring started
2025-10-30 15:43 +05:30: ✅ Enhanced System Monitor: Connected to PM2
2025-10-30 15:43 +05:30: Database query error: Access denied for user 'root'@'localhost' (using password: YES)
2025-10-30 15:43 +05:30: ❌ Failed to start server: Access denied for user 'root'@'localhost' (using password: YES)
2025-10-30 15:43 +05:30: Ignoring invalid configuration option passed to Connection: acquireTimeout. This is currently a warning, but in future versions of MySQL2, an error will be thrown if you pass an invalid configuration option to a Connection
2025-10-30 15:43 +05:30: Ignoring invalid configuration option passed to Connection: timeout. This is currently a warning, but in future versions of MySQL2, an error will be thrown if you pass an invalid configuration option to a Connection
2025-10-30 15:43 +05:30: Ignoring invalid configuration option passed to Connection: reconnect. This is currently a warning, but in future versions of MySQL2, an error will be thrown if you pass an invalid configuration option to a Connection
2025-10-30 15:43 +05:30: 🔄 Enhanced System Monitor: Continuous monitoring started
2025-10-30 15:43 +05:30: ✅ Enhanced System Monitor: Connected to PM2
2025-10-30 15:43 +05:30: Database query error: Access denied for user 'root'@'localhost' (using password: YES)
2025-10-30 15:43 +05:30: ❌ Failed to start server: Access denied for user 'root'@'localhost' (using password: YES)
2025-10-30 15:43 +05:30: Ignoring invalid configuration option passed to Connection: acquireTimeout. This is currently a warning, but in future versions of MySQL2, an error will be thrown if you pass an invalid configuration option to a Connection
2025-10-30 15:43 +05:30: Ignoring invalid configuration option passed to Connection: timeout. This is currently a warning, but in future versions of MySQL2, an error will be thrown if you pass an invalid configuration option to a Connection
2025-10-30 15:43 +05:30: Ignoring invalid configuration option passed to Connection: reconnect. This is currently a warning, but in future versions of MySQL2, an error will be thrown if you pass an invalid configuration option to a Connection
2025-10-30 15:43 +05:30: 🔄 Enhanced System Monitor: Continuous monitoring started
2025-10-30 15:43 +05:30: ✅ Enhanced System Monitor: Connected to PM2
2025-10-30 15:43 +05:30: Database query error: Access denied for user 'root'@'localhost' (using password: YES)
2025-10-30 15:43 +05:30: ❌ Failed to start server: Access denied for user 'root'@'localhost' (using password: YES)
2025-10-30 15:43 +05:30: Ignoring invalid configuration option passed to Connection: acquireTimeout. This is currently a warning, but in future versions of MySQL2, an error will be thrown if you pass an invalid configuration option to a Connection
2025-10-30 15:43 +05:30: Ignoring invalid configuration option passed to Connection: timeout. This is currently a warning, but in future versions of MySQL2, an error will be thrown if you pass an invalid configuration option to a Connection
2025-10-30 15:43 +05:30: Ignoring invalid configuration option passed to Connection: reconnect. This is currently a warning, but in future versions of MySQL2, an error will be thrown if you pass an invalid configuration option to a Connection
2025-10-30 15:43 +05:30: 🔄 Enhanced System Monitor: Continuous monitoring started
2025-10-30 15:43 +05:30: ✅ Enhanced System Monitor: Connected to PM2
2025-10-30 15:43 +05:30: Database query error: Access denied for user 'root'@'localhost' (using password: YES)
2025-10-30 15:43 +05:30: ❌ Failed to start server: Access denied for user 'root'@'localhost' (using password: YES)
2025-10-30 15:43 +05:30: Ignoring invalid configuration option passed to Connection: acquireTimeout. This is currently a warning, but in future versions of MySQL2, an error will be thrown if you pass an invalid configuration option to a Connection
2025-10-30 15:43 +05:30: Ignoring invalid configuration option passed to Connection: timeout. This is currently a warning, but in future versions of MySQL2, an error will be thrown if you pass an invalid configuration option to a Connection
2025-10-30 15:43 +05:30: Ignoring invalid configuration option passed to Connection: reconnect. This is currently a warning, but in future versions of MySQL2, an error will be thrown if you pass an invalid configuration option to a Connection
2025-10-30 15:43 +05:30: 🔄 Enhanced System Monitor: Continuous monitoring started
2025-10-30 15:43 +05:30: ✅ Enhanced System Monitor: Connected to PM2
2025-10-30 15:43 +05:30: Database query error: Access denied for user 'root'@'localhost' (using password: YES)
2025-10-30 15:43 +05:30: ❌ Failed to start server: Access denied for user 'root'@'localhost' (using password: YES)
2025-10-30 15:43 +05:30: Ignoring invalid configuration option passed to Connection: acquireTimeout. This is currently a warning, but in future versions of MySQL2, an error will be thrown if you pass an invalid configuration option to a Connection
2025-10-30 15:43 +05:30: Ignoring invalid configuration option passed to Connection: timeout. This is currently a warning, but in future versions of MySQL2, an error will be thrown if you pass an invalid configuration option to a Connection
2025-10-30 15:43 +05:30: Ignoring invalid configuration option passed to Connection: reconnect. This is currently a warning, but in future versions of MySQL2, an error will be thrown if you pass an invalid configuration option to a Connection
2025-10-30 15:43 +05:30: 🔄 Enhanced System Monitor: Continuous monitoring started
2025-10-30 15:43 +05:30: ✅ Enhanced System Monitor: Connected to PM2
2025-10-30 15:43 +05:30: Database query error: Access denied for user 'root'@'localhost' (using password: YES)
2025-10-30 15:43 +05:30: ❌ Failed to start server: Access denied for user 'root'@'localhost' (using password: YES)
2025-10-30 15:43 +05:30: Ignoring invalid configuration option passed to Connection: acquireTimeout. This is currently a warning, but in future versions of MySQL2, an error will be thrown if you pass an invalid configuration option to a Connection
2025-10-30 15:43 +05:30: Ignoring invalid configuration option passed to Connection: timeout. This is currently a warning, but in future versions of MySQL2, an error will be thrown if you pass an invalid configuration option to a Connection
2025-10-30 15:43 +05:30: Ignoring invalid configuration option passed to Connection: reconnect. This is currently a warning, but in future versions of MySQL2, an error will be thrown if you pass an invalid configuration option to a Connection
2025-10-30 15:43 +05:30: 🔄 Enhanced System Monitor: Continuous monitoring started
2025-10-30 15:43 +05:30: ✅ Enhanced System Monitor: Connected to PM2
2025-10-30 15:43 +05:30: Database query error: Access denied for user 'root'@'localhost' (using password: YES)
2025-10-30 15:43 +05:30: ❌ Failed to start server: Access denied for user 'root'@'localhost' (using password: YES)
2025-10-30 15:43 +05:30: Ignoring invalid configuration option passed to Connection: acquireTimeout. This is currently a warning, but in future versions of MySQL2, an error will be thrown if you pass an invalid configuration option to a Connection
2025-10-30 15:43 +05:30: Ignoring invalid configuration option passed to Connection: timeout. This is currently a warning, but in future versions of MySQL2, an error will be thrown if you pass an invalid configuration option to a Connection
2025-10-30 15:43 +05:30: Ignoring invalid configuration option passed to Connection: reconnect. This is currently a warning, but in future versions of MySQL2, an error will be thrown if you pass an invalid configuration option to a Connection
2025-10-30 15:44 +05:30: 🔄 Enhanced System Monitor: Continuous monitoring started
2025-10-30 15:44 +05:30: ✅ Enhanced System Monitor: Connected to PM2
2025-10-30 15:44 +05:30: Database query error: Access denied for user 'root'@'localhost' (using password: YES)
2025-10-30 15:44 +05:30: ❌ Failed to start server: Access denied for user 'root'@'localhost' (using password: YES)
2025-10-30 15:47 +05:30: Ignoring invalid configuration option passed to Connection: acquireTimeout. This is currently a warning, but in future versions of MySQL2, an error will be thrown if you pass an invalid configuration option to a Connection
2025-10-30 15:47 +05:30: Ignoring invalid configuration option passed to Connection: timeout. This is currently a warning, but in future versions of MySQL2, an error will be thrown if you pass an invalid configuration option to a Connection
2025-10-30 15:47 +05:30: Ignoring invalid configuration option passed to Connection: reconnect. This is currently a warning, but in future versions of MySQL2, an error will be thrown if you pass an invalid configuration option to a Connection
2025-10-30 15:47 +05:30: 🔄 Enhanced System Monitor: Continuous monitoring started
2025-10-30 15:47 +05:30: ✅ Enhanced System Monitor: Connected to PM2
2025-10-30 15:47 +05:30: Database query error: Access denied for user 'root'@'localhost' (using password: YES)
2025-10-30 15:47 +05:30: ❌ Failed to start server: Access denied for user 'root'@'localhost' (using password: YES)
2025-10-30 15:47 +05:30: Ignoring invalid configuration option passed to Connection: acquireTimeout. This is currently a warning, but in future versions of MySQL2, an error will be thrown if you pass an invalid configuration option to a Connection
2025-10-30 15:47 +05:30: Ignoring invalid configuration option passed to Connection: timeout. This is currently a warning, but in future versions of MySQL2, an error will be thrown if you pass an invalid configuration option to a Connection
2025-10-30 15:47 +05:30: Ignoring invalid configuration option passed to Connection: reconnect. This is currently a warning, but in future versions of MySQL2, an error will be thrown if you pass an invalid configuration option to a Connection
2025-10-30 15:47 +05:30: 🔄 Enhanced System Monitor: Continuous monitoring started
2025-10-30 15:47 +05:30: ✅ Enhanced System Monitor: Connected to PM2
2025-10-30 15:47 +05:30: Database query error: Access denied for user 'root'@'localhost' (using password: YES)
2025-10-30 15:47 +05:30: ❌ Failed to start server: Access denied for user 'root'@'localhost' (using password: YES)
2025-10-30 15:47 +05:30: Ignoring invalid configuration option passed to Connection: acquireTimeout. This is currently a warning, but in future versions of MySQL2, an error will be thrown if you pass an invalid configuration option to a Connection
2025-10-30 15:47 +05:30: Ignoring invalid configuration option passed to Connection: timeout. This is currently a warning, but in future versions of MySQL2, an error will be thrown if you pass an invalid configuration option to a Connection
2025-10-30 15:47 +05:30: Ignoring invalid configuration option passed to Connection: reconnect. This is currently a warning, but in future versions of MySQL2, an error will be thrown if you pass an invalid configuration option to a Connection
2025-10-30 15:47 +05:30: 🔄 Enhanced System Monitor: Continuous monitoring started
2025-10-30 15:47 +05:30: ✅ Enhanced System Monitor: Connected to PM2
2025-10-30 15:47 +05:30: Database query error: Access denied for user 'root'@'localhost' (using password: YES)
2025-10-30 15:47 +05:30: ❌ Failed to start server: Access denied for user 'root'@'localhost' (using password: YES)
2025-10-30 15:47 +05:30: Ignoring invalid configuration option passed to Connection: acquireTimeout. This is currently a warning, but in future versions of MySQL2, an error will be thrown if you pass an invalid configuration option to a Connection
2025-10-30 15:47 +05:30: Ignoring invalid configuration option passed to Connection: timeout. This is currently a warning, but in future versions of MySQL2, an error will be thrown if you pass an invalid configuration option to a Connection
2025-10-30 15:47 +05:30: Ignoring invalid configuration option passed to Connection: reconnect. This is currently a warning, but in future versions of MySQL2, an error will be thrown if you pass an invalid configuration option to a Connection
2025-10-30 15:47 +05:30: 🔄 Enhanced System Monitor: Continuous monitoring started
2025-10-30 15:47 +05:30: ✅ Enhanced System Monitor: Connected to PM2
2025-10-30 15:47 +05:30: Database query error: Access denied for user 'root'@'localhost' (using password: YES)
2025-10-30 15:47 +05:30: ❌ Failed to start server: Access denied for user 'root'@'localhost' (using password: YES)
2025-10-30 15:47 +05:30: Ignoring invalid configuration option passed to Connection: acquireTimeout. This is currently a warning, but in future versions of MySQL2, an error will be thrown if you pass an invalid configuration option to a Connection
2025-10-30 15:47 +05:30: Ignoring invalid configuration option passed to Connection: timeout. This is currently a warning, but in future versions of MySQL2, an error will be thrown if you pass an invalid configuration option to a Connection
2025-10-30 15:47 +05:30: Ignoring invalid configuration option passed to Connection: reconnect. This is currently a warning, but in future versions of MySQL2, an error will be thrown if you pass an invalid configuration option to a Connection
2025-10-30 15:47 +05:30: 🔄 Enhanced System Monitor: Continuous monitoring started
2025-10-30 15:47 +05:30: ✅ Enhanced System Monitor: Connected to PM2
2025-10-30 15:47 +05:30: Database query error: Access denied for user 'root'@'localhost' (using password: YES)
2025-10-30 15:47 +05:30: ❌ Failed to start server: Access denied for user 'root'@'localhost' (using password: YES)
2025-10-30 15:47 +05:30: Ignoring invalid configuration option passed to Connection: acquireTimeout. This is currently a warning, but in future versions of MySQL2, an error will be thrown if you pass an invalid configuration option to a Connection
2025-10-30 15:47 +05:30: Ignoring invalid configuration option passed to Connection: timeout. This is currently a warning, but in future versions of MySQL2, an error will be thrown if you pass an invalid configuration option to a Connection
2025-10-30 15:47 +05:30: Ignoring invalid configuration option passed to Connection: reconnect. This is currently a warning, but in future versions of MySQL2, an error will be thrown if you pass an invalid configuration option to a Connection
2025-10-30 15:47 +05:30: 🔄 Enhanced System Monitor: Continuous monitoring started
2025-10-30 15:47 +05:30: ✅ Enhanced System Monitor: Connected to PM2
2025-10-30 15:47 +05:30: Database query error: Access denied for user 'root'@'localhost' (using password: YES)
2025-10-30 15:47 +05:30: ❌ Failed to start server: Access denied for user 'root'@'localhost' (using password: YES)
2025-10-30 15:47 +05:30: Ignoring invalid configuration option passed to Connection: acquireTimeout. This is currently a warning, but in future versions of MySQL2, an error will be thrown if you pass an invalid configuration option to a Connection
2025-10-30 15:47 +05:30: Ignoring invalid configuration option passed to Connection: timeout. This is currently a warning, but in future versions of MySQL2, an error will be thrown if you pass an invalid configuration option to a Connection
2025-10-30 15:47 +05:30: Ignoring invalid configuration option passed to Connection: reconnect. This is currently a warning, but in future versions of MySQL2, an error will be thrown if you pass an invalid configuration option to a Connection
2025-10-30 15:47 +05:30: 🔄 Enhanced System Monitor: Continuous monitoring started
2025-10-30 15:47 +05:30: ✅ Enhanced System Monitor: Connected to PM2
2025-10-30 15:47 +05:30: Database query error: Access denied for user 'root'@'localhost' (using password: YES)
2025-10-30 15:47 +05:30: ❌ Failed to start server: Access denied for user 'root'@'localhost' (using password: YES)
2025-10-30 15:47 +05:30: Ignoring invalid configuration option passed to Connection: acquireTimeout. This is currently a warning, but in future versions of MySQL2, an error will be thrown if you pass an invalid configuration option to a Connection
2025-10-30 15:47 +05:30: Ignoring invalid configuration option passed to Connection: timeout. This is currently a warning, but in future versions of MySQL2, an error will be thrown if you pass an invalid configuration option to a Connection
2025-10-30 15:47 +05:30: Ignoring invalid configuration option passed to Connection: reconnect. This is currently a warning, but in future versions of MySQL2, an error will be thrown if you pass an invalid configuration option to a Connection
2025-10-30 15:47 +05:30: 🔄 Enhanced System Monitor: Continuous monitoring started
2025-10-30 15:47 +05:30: ✅ Enhanced System Monitor: Connected to PM2
2025-10-30 15:47 +05:30: Database query error: Access denied for user 'root'@'localhost' (using password: YES)
2025-10-30 15:47 +05:30: ❌ Failed to start server: Access denied for user 'root'@'localhost' (using password: YES)
2025-10-30 15:47 +05:30: Ignoring invalid configuration option passed to Connection: acquireTimeout. This is currently a warning, but in future versions of MySQL2, an error will be thrown if you pass an invalid configuration option to a Connection
2025-10-30 15:47 +05:30: Ignoring invalid configuration option passed to Connection: timeout. This is currently a warning, but in future versions of MySQL2, an error will be thrown if you pass an invalid configuration option to a Connection
2025-10-30 15:47 +05:30: Ignoring invalid configuration option passed to Connection: reconnect. This is currently a warning, but in future versions of MySQL2, an error will be thrown if you pass an invalid configuration option to a Connection
2025-10-30 15:47 +05:30: 🔄 Enhanced System Monitor: Continuous monitoring started
2025-10-30 15:47 +05:30: ✅ Enhanced System Monitor: Connected to PM2
2025-10-30 15:47 +05:30: Database query error: Access denied for user 'root'@'localhost' (using password: YES)
2025-10-30 15:47 +05:30: ❌ Failed to start server: Access denied for user 'root'@'localhost' (using password: YES)
2025-10-30 15:47 +05:30: Ignoring invalid configuration option passed to Connection: acquireTimeout. This is currently a warning, but in future versions of MySQL2, an error will be thrown if you pass an invalid configuration option to a Connection
2025-10-30 15:47 +05:30: Ignoring invalid configuration option passed to Connection: timeout. This is currently a warning, but in future versions of MySQL2, an error will be thrown if you pass an invalid configuration option to a Connection
2025-10-30 15:47 +05:30: Ignoring invalid configuration option passed to Connection: reconnect. This is currently a warning, but in future versions of MySQL2, an error will be thrown if you pass an invalid configuration option to a Connection
2025-10-30 15:47 +05:30: 🔄 Enhanced System Monitor: Continuous monitoring started
2025-10-30 15:47 +05:30: ✅ Enhanced System Monitor: Connected to PM2
2025-10-30 15:47 +05:30: Database query error: Access denied for user 'root'@'localhost' (using password: YES)
2025-10-30 15:47 +05:30: ❌ Failed to start server: Access denied for user 'root'@'localhost' (using password: YES)
