2025-11-10 21:38 +05:30: Terminate batch job (Y/N)? 
2025-11-10 21:48 +05:30: 
2025-11-10 21:48 +05:30: > cmscrm-frontend@1.0.0 dev
2025-11-10 21:48 +05:30: > vite --host 0.0.0.0 --port 8800
2025-11-10 21:48 +05:30: 
2025-11-10 21:48 +05:30: 
2025-11-10 21:48 +05:30:   [32m[1mVITE[22m v7.1.9[39m  [2mready in [0m[1m183[22m[2m[0m ms[22m
2025-11-10 21:48 +05:30: 
2025-11-10 21:48 +05:30:   [32m➜[39m  [1mLocal[22m:   [36mhttp://localhost:[1m8800[22m/[39m
2025-11-10 21:48 +05:30:   [32m➜[39m  [1mNetwork[22m: [36mhttp://192.168.1.34:[1m8800[22m/[39m
2025-11-10 21:52 +05:30: 
2025-11-10 21:52 +05:30: > cmscrm-frontend@1.0.0 dev
2025-11-10 21:52 +05:30: > vite --host 0.0.0.0 --port 8800
2025-11-10 21:52 +05:30: 
2025-11-10 21:52 +05:30: 
2025-11-10 21:52 +05:30:   [32m[1mVITE[22m v7.1.9[39m  [2mready in [0m[1m180[22m[2m[0m ms[22m
2025-11-10 21:52 +05:30: 
2025-11-10 21:52 +05:30:   [32m➜[39m  [1mLocal[22m:   [36mhttp://localhost:[1m8800[22m/[39m
2025-11-10 21:52 +05:30:   [32m➜[39m  [1mNetwork[22m: [36mhttp://192.168.1.34:[1m8800[22m/[39m
2025-11-10 21:54 +05:30: [2m9:54:58 pm[22m [36m[1m[vite][22m[39m [90m[2m(client)[22m[39m [32mhmr update [39m[2m/src/index.css, /src/components/UserPagesModal.jsx[22m
2025-11-10 21:54 +05:30: [2m9:54:58 pm[22m [36m[1m[vite][22m[39m [90m[2m(client)[22m[39m [32mhmr update [39m[2m/src/index.css, /src/components/Layout/Layout.jsx[22m
2025-11-10 21:54 +05:30: [2m9:54:58 pm[22m [36m[1m[vite][22m[39m [90m[2m(client)[22m[39m [32mhmr update [39m[2m/src/index.css, /src/components/PageArrangement.jsx[22m
2025-11-10 21:54 +05:30: [2m9:54:58 pm[22m [36m[1m[vite][22m[39m [90m[2m(client)[22m[39m [32mhmr update [39m[2m/src/pages/RolesPage.jsx, /src/index.css[22m
2025-11-10 21:54 +05:30: [2m9:54:58 pm[22m [36m[1m[vite][22m[39m [90m[2m(client)[22m[39m [32mhmr update [39m[2m/src/index.css, /src/pages/DashboardPage.jsx, /src/pages/RolesPage.jsx, /src/pages/PagesPage.jsx, /src/pages/UsersPage.jsx, /src/components/EnhancedSystemInformation.jsx, /src/components/EnhancedSystemPerformance.jsx, /src/components/Layout/Layout.jsx, /src/components/UserPagesModal.jsx[22m
2025-11-10 21:54 +05:30: [2m9:54:59 pm[22m [36m[1m[vite][22m[39m [32m.env changed, restarting server...[39m
2025-11-10 21:54 +05:30: [2m9:54:59 pm[22m [36m[1m[vite][22m[39m server restarted.
2025-11-13 11:19 +05:30: 
2025-11-13 11:19 +05:30: > cmscrm-frontend@1.0.0 dev
2025-11-13 11:19 +05:30: > vite --host 0.0.0.0 --port 8800
2025-11-13 11:19 +05:30: 
2025-11-13 11:19 +05:30: 
2025-11-13 11:19 +05:30:   [32m[1mVITE[22m v7.1.9[39m  [2mready in [0m[1m1217[22m[2m[0m ms[22m
2025-11-13 11:19 +05:30: 
2025-11-13 11:19 +05:30:   [32m➜[39m  [1mLocal[22m:   [36mhttp://localhost:[1m8800[22m/[39m
2025-11-13 11:19 +05:30:   [32m➜[39m  [1mNetwork[22m: [36mhttp://100.65.46.102:[1m8800[22m/[39m
2025-11-13 11:21 +05:30: [2m11:21:55 am[22m [36m[1m[vite][22m[39m [32m.env changed, restarting server...[39m
2025-11-13 11:21 +05:30: [2m11:21:55 am[22m [36m[1m[vite][22m[39m server restarted.
2025-11-13 11:21 +05:30: [2m11:21:55 am[22m [36m[1m[vite][22m[39m [32m.env changed, restarting server...[39m
2025-11-13 11:21 +05:30: [2m11:21:56 am[22m [36m[1m[vite][22m[39m server restarted.
2025-11-13 11:21 +05:30: [2m11:21:57 am[22m [36m[1m[vite][22m[39m [32mvite.config.js changed, restarting server...[39m
2025-11-13 11:22 +05:30: [2m11:22:00 am[22m [36m[1m[vite][22m[39m server restarted.
2025-11-13 11:22 +05:30: 
2025-11-13 11:22 +05:30: > cmscrm-frontend@1.0.0 dev
2025-11-13 11:22 +05:30: > vite --host 0.0.0.0 --port 8800
2025-11-13 11:22 +05:30: 
2025-11-13 11:22 +05:30: 
2025-11-13 11:22 +05:30:   [32m[1mVITE[22m v7.1.9[39m  [2mready in [0m[1m687[22m[2m[0m ms[22m
2025-11-13 11:22 +05:30: 
2025-11-13 11:22 +05:30:   [32m➜[39m  [1mLocal[22m:   [36mhttp://localhost:[1m8800[22m/[39m
2025-11-13 11:22 +05:30:   [32m➜[39m  [1mNetwork[22m: [36mhttp://100.65.46.102:[1m8800[22m/[39m
