2025-11-10 21:38 +05:30: ^C
2025-11-10 21:38 +05:30: Terminate batch job (Y/N)? 
2025-11-10 21:46 +05:30: ReferenceError: require is not defined in ES module scope, you can use import instead
2025-11-10 21:46 +05:30: This file is being treated as an ES module because it has a '.js' file extension and 'C:\Users\gteck45\Downloads\CMSCRM\frontend\package.json' contains "type": "module". To treat it as a CommonJS script, rename it to use the '.cjs' file extension.
2025-11-10 21:46 +05:30:     at file:///C:/Users/gteck45/Downloads/CMSCRM/frontend/start-dev.js:1:19
2025-11-10 21:46 +05:30:     at ModuleJob.run (node:internal/modules/esm/module_job:345:25)
2025-11-10 21:46 +05:30:     at process.processTicksAndRejections (node:internal/process/task_queues:105:5)
2025-11-10 21:46 +05:30:     at async onImport.tracePromise.__proto__ (node:internal/modules/esm/loader:651:26)
2025-11-10 21:46 +05:30: ReferenceError: require is not defined in ES module scope, you can use import instead
2025-11-10 21:46 +05:30: This file is being treated as an ES module because it has a '.js' file extension and 'C:\Users\gteck45\Downloads\CMSCRM\frontend\package.json' contains "type": "module". To treat it as a CommonJS script, rename it to use the '.cjs' file extension.
2025-11-10 21:46 +05:30:     at file:///C:/Users/gteck45/Downloads/CMSCRM/frontend/start-dev.js:1:19
2025-11-10 21:46 +05:30:     at ModuleJob.run (node:internal/modules/esm/module_job:345:25)
2025-11-10 21:46 +05:30:     at process.processTicksAndRejections (node:internal/process/task_queues:105:5)
2025-11-10 21:46 +05:30:     at async onImport.tracePromise.__proto__ (node:internal/modules/esm/loader:651:26)
2025-11-10 21:46 +05:30: ReferenceError: require is not defined in ES module scope, you can use import instead
2025-11-10 21:46 +05:30: This file is being treated as an ES module because it has a '.js' file extension and 'C:\Users\gteck45\Downloads\CMSCRM\frontend\package.json' contains "type": "module". To treat it as a CommonJS script, rename it to use the '.cjs' file extension.
2025-11-10 21:46 +05:30:     at file:///C:/Users/gteck45/Downloads/CMSCRM/frontend/start-dev.js:1:19
2025-11-10 21:46 +05:30:     at ModuleJob.run (node:internal/modules/esm/module_job:345:25)
2025-11-10 21:46 +05:30:     at process.processTicksAndRejections (node:internal/process/task_queues:105:5)
2025-11-10 21:46 +05:30:     at async onImport.tracePromise.__proto__ (node:internal/modules/esm/loader:651:26)
2025-11-10 21:46 +05:30: ReferenceError: require is not defined in ES module scope, you can use import instead
2025-11-10 21:46 +05:30: This file is being treated as an ES module because it has a '.js' file extension and 'C:\Users\gteck45\Downloads\CMSCRM\frontend\package.json' contains "type": "module". To treat it as a CommonJS script, rename it to use the '.cjs' file extension.
2025-11-10 21:46 +05:30:     at file:///C:/Users/gteck45/Downloads/CMSCRM/frontend/start-dev.js:1:19
2025-11-10 21:46 +05:30:     at ModuleJob.run (node:internal/modules/esm/module_job:345:25)
2025-11-10 21:46 +05:30:     at process.processTicksAndRejections (node:internal/process/task_queues:105:5)
2025-11-10 21:46 +05:30:     at async onImport.tracePromise.__proto__ (node:internal/modules/esm/loader:651:26)
2025-11-10 21:46 +05:30: ReferenceError: require is not defined in ES module scope, you can use import instead
2025-11-10 21:46 +05:30: This file is being treated as an ES module because it has a '.js' file extension and 'C:\Users\gteck45\Downloads\CMSCRM\frontend\package.json' contains "type": "module". To treat it as a CommonJS script, rename it to use the '.cjs' file extension.
2025-11-10 21:46 +05:30:     at file:///C:/Users/gteck45/Downloads/CMSCRM/frontend/start-dev.js:1:19
2025-11-10 21:46 +05:30:     at ModuleJob.run (node:internal/modules/esm/module_job:345:25)
2025-11-10 21:46 +05:30:     at process.processTicksAndRejections (node:internal/process/task_queues:105:5)
2025-11-10 21:46 +05:30:     at async onImport.tracePromise.__proto__ (node:internal/modules/esm/loader:651:26)
2025-11-10 21:46 +05:30: ReferenceError: require is not defined in ES module scope, you can use import instead
2025-11-10 21:46 +05:30: This file is being treated as an ES module because it has a '.js' file extension and 'C:\Users\gteck45\Downloads\CMSCRM\frontend\package.json' contains "type": "module". To treat it as a CommonJS script, rename it to use the '.cjs' file extension.
2025-11-10 21:46 +05:30:     at file:///C:/Users/gteck45/Downloads/CMSCRM/frontend/start-dev.js:1:19
2025-11-10 21:46 +05:30:     at ModuleJob.run (node:internal/modules/esm/module_job:345:25)
2025-11-10 21:46 +05:30:     at process.processTicksAndRejections (node:internal/process/task_queues:105:5)
2025-11-10 21:46 +05:30:     at async onImport.tracePromise.__proto__ (node:internal/modules/esm/loader:651:26)
2025-11-10 21:46 +05:30: ReferenceError: require is not defined in ES module scope, you can use import instead
2025-11-10 21:46 +05:30: This file is being treated as an ES module because it has a '.js' file extension and 'C:\Users\gteck45\Downloads\CMSCRM\frontend\package.json' contains "type": "module". To treat it as a CommonJS script, rename it to use the '.cjs' file extension.
2025-11-10 21:46 +05:30:     at file:///C:/Users/gteck45/Downloads/CMSCRM/frontend/start-dev.js:1:19
2025-11-10 21:46 +05:30:     at ModuleJob.run (node:internal/modules/esm/module_job:345:25)
2025-11-10 21:46 +05:30:     at process.processTicksAndRejections (node:internal/process/task_queues:105:5)
2025-11-10 21:46 +05:30:     at async onImport.tracePromise.__proto__ (node:internal/modules/esm/loader:651:26)
2025-11-10 21:47 +05:30: ReferenceError: require is not defined in ES module scope, you can use import instead
2025-11-10 21:47 +05:30: This file is being treated as an ES module because it has a '.js' file extension and 'C:\Users\gteck45\Downloads\CMSCRM\frontend\package.json' contains "type": "module". To treat it as a CommonJS script, rename it to use the '.cjs' file extension.
2025-11-10 21:47 +05:30:     at file:///C:/Users/gteck45/Downloads/CMSCRM/frontend/start-dev.js:1:19
2025-11-10 21:47 +05:30:     at ModuleJob.run (node:internal/modules/esm/module_job:345:25)
2025-11-10 21:47 +05:30:     at process.processTicksAndRejections (node:internal/process/task_queues:105:5)
2025-11-10 21:47 +05:30:     at async onImport.tracePromise.__proto__ (node:internal/modules/esm/loader:651:26)
2025-11-10 21:47 +05:30: ReferenceError: require is not defined in ES module scope, you can use import instead
2025-11-10 21:47 +05:30: This file is being treated as an ES module because it has a '.js' file extension and 'C:\Users\gteck45\Downloads\CMSCRM\frontend\package.json' contains "type": "module". To treat it as a CommonJS script, rename it to use the '.cjs' file extension.
2025-11-10 21:47 +05:30:     at file:///C:/Users/gteck45/Downloads/CMSCRM/frontend/start-dev.js:1:19
2025-11-10 21:47 +05:30:     at ModuleJob.run (node:internal/modules/esm/module_job:345:25)
2025-11-10 21:47 +05:30:     at process.processTicksAndRejections (node:internal/process/task_queues:105:5)
2025-11-10 21:47 +05:30:     at async onImport.tracePromise.__proto__ (node:internal/modules/esm/loader:651:26)
2025-11-10 21:47 +05:30: ReferenceError: require is not defined in ES module scope, you can use import instead
2025-11-10 21:47 +05:30: This file is being treated as an ES module because it has a '.js' file extension and 'C:\Users\gteck45\Downloads\CMSCRM\frontend\package.json' contains "type": "module". To treat it as a CommonJS script, rename it to use the '.cjs' file extension.
2025-11-10 21:47 +05:30:     at file:///C:/Users/gteck45/Downloads/CMSCRM/frontend/start-dev.js:1:19
2025-11-10 21:47 +05:30:     at ModuleJob.run (node:internal/modules/esm/module_job:345:25)
2025-11-10 21:47 +05:30:     at process.processTicksAndRejections (node:internal/process/task_queues:105:5)
2025-11-10 21:47 +05:30:     at async onImport.tracePromise.__proto__ (node:internal/modules/esm/loader:651:26)
2025-11-10 21:47 +05:30: Error [ERR_MODULE_NOT_FOUND]: Cannot find module 'C:\Users\gteck45\Downloads\CMSCRM\frontend\start-dev.js' imported from C:\Users\gteck45\Downloads\CMSCRM\backend\node_modules\pm2\lib\ProcessContainerFork.js
2025-11-10 21:47 +05:30:     at finalizeResolution (node:internal/modules/esm/resolve:274:11)
2025-11-10 21:47 +05:30:     at moduleResolve (node:internal/modules/esm/resolve:859:10)
2025-11-10 21:47 +05:30:     at defaultResolve (node:internal/modules/esm/resolve:983:11)
2025-11-10 21:47 +05:30:     at #cachedDefaultResolve (node:internal/modules/esm/loader:717:20)
2025-11-10 21:47 +05:30:     at ModuleLoader.resolve (node:internal/modules/esm/loader:694:38)
2025-11-10 21:47 +05:30:     at ModuleLoader.getModuleJobForImport (node:internal/modules/esm/loader:308:38)
2025-11-10 21:47 +05:30:     at onImport.tracePromise.__proto__ (node:internal/modules/esm/loader:650:36)
2025-11-10 21:47 +05:30:     at TracingChannel.tracePromise (node:diagnostics_channel:344:14)
2025-11-10 21:47 +05:30:     at ModuleLoader.import (node:internal/modules/esm/loader:649:21)
2025-11-10 21:47 +05:30:     at defaultImportModuleDynamicallyForScript (node:internal/modules/esm/utils:235:31) {
2025-11-10 21:47 +05:30:   code: 'ERR_MODULE_NOT_FOUND',
2025-11-10 21:47 +05:30:   url: 'file:///C:/Users/gteck45/Downloads/CMSCRM/frontend/start-dev.js'
2025-11-10 21:47 +05:30: }
2025-11-10 21:47 +05:30: Error [ERR_MODULE_NOT_FOUND]: Cannot find module 'C:\Users\gteck45\Downloads\CMSCRM\frontend\start-dev.js' imported from C:\Users\gteck45\Downloads\CMSCRM\backend\node_modules\pm2\lib\ProcessContainerFork.js
2025-11-10 21:47 +05:30:     at finalizeResolution (node:internal/modules/esm/resolve:274:11)
2025-11-10 21:47 +05:30:     at moduleResolve (node:internal/modules/esm/resolve:859:10)
2025-11-10 21:47 +05:30:     at defaultResolve (node:internal/modules/esm/resolve:983:11)
2025-11-10 21:47 +05:30:     at #cachedDefaultResolve (node:internal/modules/esm/loader:717:20)
2025-11-10 21:47 +05:30:     at ModuleLoader.resolve (node:internal/modules/esm/loader:694:38)
2025-11-10 21:47 +05:30:     at ModuleLoader.getModuleJobForImport (node:internal/modules/esm/loader:308:38)
2025-11-10 21:47 +05:30:     at onImport.tracePromise.__proto__ (node:internal/modules/esm/loader:650:36)
2025-11-10 21:47 +05:30:     at TracingChannel.tracePromise (node:diagnostics_channel:344:14)
2025-11-10 21:47 +05:30:     at ModuleLoader.import (node:internal/modules/esm/loader:649:21)
2025-11-10 21:47 +05:30:     at defaultImportModuleDynamicallyForScript (node:internal/modules/esm/utils:235:31) {
2025-11-10 21:47 +05:30:   code: 'ERR_MODULE_NOT_FOUND',
2025-11-10 21:47 +05:30:   url: 'file:///C:/Users/gteck45/Downloads/CMSCRM/frontend/start-dev.js'
2025-11-10 21:47 +05:30: }
2025-11-10 21:47 +05:30: Error [ERR_MODULE_NOT_FOUND]: Cannot find module 'C:\Users\gteck45\Downloads\CMSCRM\frontend\start-dev.js' imported from C:\Users\gteck45\Downloads\CMSCRM\backend\node_modules\pm2\lib\ProcessContainerFork.js
2025-11-10 21:47 +05:30:     at finalizeResolution (node:internal/modules/esm/resolve:274:11)
2025-11-10 21:47 +05:30:     at moduleResolve (node:internal/modules/esm/resolve:859:10)
2025-11-10 21:47 +05:30:     at defaultResolve (node:internal/modules/esm/resolve:983:11)
2025-11-10 21:47 +05:30:     at #cachedDefaultResolve (node:internal/modules/esm/loader:717:20)
2025-11-10 21:47 +05:30:     at ModuleLoader.resolve (node:internal/modules/esm/loader:694:38)
2025-11-10 21:47 +05:30:     at ModuleLoader.getModuleJobForImport (node:internal/modules/esm/loader:308:38)
2025-11-10 21:47 +05:30:     at onImport.tracePromise.__proto__ (node:internal/modules/esm/loader:650:36)
2025-11-10 21:47 +05:30:     at TracingChannel.tracePromise (node:diagnostics_channel:344:14)
2025-11-10 21:47 +05:30:     at ModuleLoader.import (node:internal/modules/esm/loader:649:21)
2025-11-10 21:47 +05:30:     at defaultImportModuleDynamicallyForScript (node:internal/modules/esm/utils:235:31) {
2025-11-10 21:47 +05:30:   code: 'ERR_MODULE_NOT_FOUND',
2025-11-10 21:47 +05:30:   url: 'file:///C:/Users/gteck45/Downloads/CMSCRM/frontend/start-dev.js'
2025-11-10 21:47 +05:30: }
2025-11-10 21:47 +05:30: Error [ERR_MODULE_NOT_FOUND]: Cannot find module 'C:\Users\gteck45\Downloads\CMSCRM\frontend\start-dev.js' imported from C:\Users\gteck45\Downloads\CMSCRM\backend\node_modules\pm2\lib\ProcessContainerFork.js
2025-11-10 21:47 +05:30:     at finalizeResolution (node:internal/modules/esm/resolve:274:11)
2025-11-10 21:47 +05:30:     at moduleResolve (node:internal/modules/esm/resolve:859:10)
2025-11-10 21:47 +05:30:     at defaultResolve (node:internal/modules/esm/resolve:983:11)
2025-11-10 21:47 +05:30:     at #cachedDefaultResolve (node:internal/modules/esm/loader:717:20)
2025-11-10 21:47 +05:30:     at ModuleLoader.resolve (node:internal/modules/esm/loader:694:38)
2025-11-10 21:47 +05:30:     at ModuleLoader.getModuleJobForImport (node:internal/modules/esm/loader:308:38)
2025-11-10 21:47 +05:30:     at onImport.tracePromise.__proto__ (node:internal/modules/esm/loader:650:36)
2025-11-10 21:47 +05:30:     at TracingChannel.tracePromise (node:diagnostics_channel:344:14)
2025-11-10 21:47 +05:30:     at ModuleLoader.import (node:internal/modules/esm/loader:649:21)
2025-11-10 21:47 +05:30:     at defaultImportModuleDynamicallyForScript (node:internal/modules/esm/utils:235:31) {
2025-11-10 21:47 +05:30:   code: 'ERR_MODULE_NOT_FOUND',
2025-11-10 21:47 +05:30:   url: 'file:///C:/Users/gteck45/Downloads/CMSCRM/frontend/start-dev.js'
2025-11-10 21:47 +05:30: }
2025-11-10 21:47 +05:30: Error [ERR_MODULE_NOT_FOUND]: Cannot find module 'C:\Users\gteck45\Downloads\CMSCRM\frontend\start-dev.js' imported from C:\Users\gteck45\Downloads\CMSCRM\backend\node_modules\pm2\lib\ProcessContainerFork.js
2025-11-10 21:47 +05:30:     at finalizeResolution (node:internal/modules/esm/resolve:274:11)
2025-11-10 21:47 +05:30:     at moduleResolve (node:internal/modules/esm/resolve:859:10)
2025-11-10 21:47 +05:30:     at defaultResolve (node:internal/modules/esm/resolve:983:11)
2025-11-10 21:47 +05:30:     at #cachedDefaultResolve (node:internal/modules/esm/loader:717:20)
2025-11-10 21:47 +05:30:     at ModuleLoader.resolve (node:internal/modules/esm/loader:694:38)
2025-11-10 21:47 +05:30:     at ModuleLoader.getModuleJobForImport (node:internal/modules/esm/loader:308:38)
2025-11-10 21:47 +05:30:     at onImport.tracePromise.__proto__ (node:internal/modules/esm/loader:650:36)
2025-11-10 21:47 +05:30:     at TracingChannel.tracePromise (node:diagnostics_channel:344:14)
2025-11-10 21:47 +05:30:     at ModuleLoader.import (node:internal/modules/esm/loader:649:21)
2025-11-10 21:47 +05:30:     at defaultImportModuleDynamicallyForScript (node:internal/modules/esm/utils:235:31) {
2025-11-10 21:47 +05:30:   code: 'ERR_MODULE_NOT_FOUND',
2025-11-10 21:47 +05:30:   url: 'file:///C:/Users/gteck45/Downloads/CMSCRM/frontend/start-dev.js'
2025-11-10 21:47 +05:30: }
2025-11-10 21:47 +05:30: Error [ERR_MODULE_NOT_FOUND]: Cannot find module 'C:\Users\gteck45\Downloads\CMSCRM\frontend\start-dev.js' imported from C:\Users\gteck45\Downloads\CMSCRM\backend\node_modules\pm2\lib\ProcessContainerFork.js
2025-11-10 21:47 +05:30:     at finalizeResolution (node:internal/modules/esm/resolve:274:11)
2025-11-10 21:47 +05:30:     at moduleResolve (node:internal/modules/esm/resolve:859:10)
2025-11-10 21:47 +05:30:     at defaultResolve (node:internal/modules/esm/resolve:983:11)
2025-11-10 21:47 +05:30:     at #cachedDefaultResolve (node:internal/modules/esm/loader:717:20)
2025-11-10 21:47 +05:30:     at ModuleLoader.resolve (node:internal/modules/esm/loader:694:38)
2025-11-10 21:47 +05:30:     at ModuleLoader.getModuleJobForImport (node:internal/modules/esm/loader:308:38)
2025-11-10 21:47 +05:30:     at onImport.tracePromise.__proto__ (node:internal/modules/esm/loader:650:36)
2025-11-10 21:47 +05:30:     at TracingChannel.tracePromise (node:diagnostics_channel:344:14)
2025-11-10 21:47 +05:30:     at ModuleLoader.import (node:internal/modules/esm/loader:649:21)
2025-11-10 21:47 +05:30:     at defaultImportModuleDynamicallyForScript (node:internal/modules/esm/utils:235:31) {
2025-11-10 21:47 +05:30:   code: 'ERR_MODULE_NOT_FOUND',
2025-11-10 21:47 +05:30:   url: 'file:///C:/Users/gteck45/Downloads/CMSCRM/frontend/start-dev.js'
2025-11-10 21:47 +05:30: }
2025-11-10 21:47 +05:30: Error [ERR_MODULE_NOT_FOUND]: Cannot find module 'C:\Users\gteck45\Downloads\CMSCRM\frontend\start-dev.js' imported from C:\Users\gteck45\Downloads\CMSCRM\backend\node_modules\pm2\lib\ProcessContainerFork.js
2025-11-10 21:47 +05:30:     at finalizeResolution (node:internal/modules/esm/resolve:274:11)
2025-11-10 21:47 +05:30:     at moduleResolve (node:internal/modules/esm/resolve:859:10)
2025-11-10 21:47 +05:30:     at defaultResolve (node:internal/modules/esm/resolve:983:11)
2025-11-10 21:47 +05:30:     at #cachedDefaultResolve (node:internal/modules/esm/loader:717:20)
2025-11-10 21:47 +05:30:     at ModuleLoader.resolve (node:internal/modules/esm/loader:694:38)
2025-11-10 21:47 +05:30:     at ModuleLoader.getModuleJobForImport (node:internal/modules/esm/loader:308:38)
2025-11-10 21:47 +05:30:     at onImport.tracePromise.__proto__ (node:internal/modules/esm/loader:650:36)
2025-11-10 21:47 +05:30:     at TracingChannel.tracePromise (node:diagnostics_channel:344:14)
2025-11-10 21:47 +05:30:     at ModuleLoader.import (node:internal/modules/esm/loader:649:21)
2025-11-10 21:47 +05:30:     at defaultImportModuleDynamicallyForScript (node:internal/modules/esm/utils:235:31) {
2025-11-10 21:47 +05:30:   code: 'ERR_MODULE_NOT_FOUND',
2025-11-10 21:47 +05:30:   url: 'file:///C:/Users/gteck45/Downloads/CMSCRM/frontend/start-dev.js'
2025-11-10 21:47 +05:30: }
2025-11-10 21:47 +05:30: Error [ERR_MODULE_NOT_FOUND]: Cannot find module 'C:\Users\gteck45\Downloads\CMSCRM\frontend\start-dev.js' imported from C:\Users\gteck45\Downloads\CMSCRM\backend\node_modules\pm2\lib\ProcessContainerFork.js
2025-11-10 21:47 +05:30:     at finalizeResolution (node:internal/modules/esm/resolve:274:11)
2025-11-10 21:47 +05:30:     at moduleResolve (node:internal/modules/esm/resolve:859:10)
2025-11-10 21:47 +05:30:     at defaultResolve (node:internal/modules/esm/resolve:983:11)
2025-11-10 21:47 +05:30:     at #cachedDefaultResolve (node:internal/modules/esm/loader:717:20)
2025-11-10 21:47 +05:30:     at ModuleLoader.resolve (node:internal/modules/esm/loader:694:38)
2025-11-10 21:47 +05:30:     at ModuleLoader.getModuleJobForImport (node:internal/modules/esm/loader:308:38)
2025-11-10 21:47 +05:30:     at onImport.tracePromise.__proto__ (node:internal/modules/esm/loader:650:36)
2025-11-10 21:47 +05:30:     at TracingChannel.tracePromise (node:diagnostics_channel:344:14)
2025-11-10 21:47 +05:30:     at ModuleLoader.import (node:internal/modules/esm/loader:649:21)
2025-11-10 21:47 +05:30:     at defaultImportModuleDynamicallyForScript (node:internal/modules/esm/utils:235:31) {
2025-11-10 21:47 +05:30:   code: 'ERR_MODULE_NOT_FOUND',
2025-11-10 21:47 +05:30:   url: 'file:///C:/Users/gteck45/Downloads/CMSCRM/frontend/start-dev.js'
2025-11-10 21:47 +05:30: }
2025-11-10 21:47 +05:30: Error [ERR_MODULE_NOT_FOUND]: Cannot find module 'C:\Users\gteck45\Downloads\CMSCRM\frontend\start-dev.js' imported from C:\Users\gteck45\Downloads\CMSCRM\backend\node_modules\pm2\lib\ProcessContainerFork.js
2025-11-10 21:47 +05:30:     at finalizeResolution (node:internal/modules/esm/resolve:274:11)
2025-11-10 21:47 +05:30:     at moduleResolve (node:internal/modules/esm/resolve:859:10)
2025-11-10 21:47 +05:30:     at defaultResolve (node:internal/modules/esm/resolve:983:11)
2025-11-10 21:47 +05:30:     at #cachedDefaultResolve (node:internal/modules/esm/loader:717:20)
2025-11-10 21:47 +05:30:     at ModuleLoader.resolve (node:internal/modules/esm/loader:694:38)
2025-11-10 21:47 +05:30:     at ModuleLoader.getModuleJobForImport (node:internal/modules/esm/loader:308:38)
2025-11-10 21:47 +05:30:     at onImport.tracePromise.__proto__ (node:internal/modules/esm/loader:650:36)
2025-11-10 21:47 +05:30:     at TracingChannel.tracePromise (node:diagnostics_channel:344:14)
2025-11-10 21:47 +05:30:     at ModuleLoader.import (node:internal/modules/esm/loader:649:21)
2025-11-10 21:47 +05:30:     at defaultImportModuleDynamicallyForScript (node:internal/modules/esm/utils:235:31) {
2025-11-10 21:47 +05:30:   code: 'ERR_MODULE_NOT_FOUND',
2025-11-10 21:47 +05:30:   url: 'file:///C:/Users/gteck45/Downloads/CMSCRM/frontend/start-dev.js'
2025-11-10 21:47 +05:30: }
2025-11-10 21:47 +05:30: Error [ERR_MODULE_NOT_FOUND]: Cannot find module 'C:\Users\gteck45\Downloads\CMSCRM\frontend\start-dev.js' imported from C:\Users\gteck45\Downloads\CMSCRM\backend\node_modules\pm2\lib\ProcessContainerFork.js
2025-11-10 21:47 +05:30:     at finalizeResolution (node:internal/modules/esm/resolve:274:11)
2025-11-10 21:47 +05:30:     at moduleResolve (node:internal/modules/esm/resolve:859:10)
2025-11-10 21:47 +05:30:     at defaultResolve (node:internal/modules/esm/resolve:983:11)
2025-11-10 21:47 +05:30:     at #cachedDefaultResolve (node:internal/modules/esm/loader:717:20)
2025-11-10 21:47 +05:30:     at ModuleLoader.resolve (node:internal/modules/esm/loader:694:38)
2025-11-10 21:47 +05:30:     at ModuleLoader.getModuleJobForImport (node:internal/modules/esm/loader:308:38)
2025-11-10 21:47 +05:30:     at onImport.tracePromise.__proto__ (node:internal/modules/esm/loader:650:36)
2025-11-10 21:47 +05:30:     at TracingChannel.tracePromise (node:diagnostics_channel:344:14)
2025-11-10 21:47 +05:30:     at ModuleLoader.import (node:internal/modules/esm/loader:649:21)
2025-11-10 21:47 +05:30:     at defaultImportModuleDynamicallyForScript (node:internal/modules/esm/utils:235:31) {
2025-11-10 21:47 +05:30:   code: 'ERR_MODULE_NOT_FOUND',
2025-11-10 21:47 +05:30:   url: 'file:///C:/Users/gteck45/Downloads/CMSCRM/frontend/start-dev.js'
2025-11-10 21:47 +05:30: }
2025-11-10 21:48 +05:30: Failed to start Vite: Error: spawn npm ENOENT
2025-11-10 21:48 +05:30: Failed to start Vite: Error: spawn npm ENOENT
2025-11-10 21:48 +05:30: Failed to start Vite: Error: spawn npm ENOENT
2025-11-10 21:48 +05:30: Failed to start Vite: Error: spawn npm ENOENT
2025-11-10 21:48 +05:30: Failed to start Vite: Error: spawn npm ENOENT
2025-11-10 21:48 +05:30: Failed to start Vite: Error: spawn npm ENOENT
2025-11-10 21:48 +05:30: Failed to start Vite: Error: spawn npm ENOENT
2025-11-10 21:48 +05:30: Failed to start Vite: Error: spawn npm ENOENT
2025-11-10 21:48 +05:30: Failed to start Vite: Error: spawn npm ENOENT
2025-11-10 21:48 +05:30: Failed to start Vite: Error: spawn npm ENOENT
2025-11-10 21:48 +05:30: 
2025-11-10 21:48 +05:30: > cmscrm-frontend@1.0.0 dev
2025-11-10 21:48 +05:30: > vite --host 0.0.0.0 --port 8800
2025-11-10 21:48 +05:30: 
2025-11-10 21:48 +05:30: 
2025-11-10 21:48 +05:30:   [32m[1mVITE[22m v7.1.9[39m  [2mready in [0m[1m183[22m[2m[0m ms[22m
2025-11-10 21:48 +05:30: 
2025-11-10 21:48 +05:30:   [32m➜[39m  [1mLocal[22m:   [36mhttp://localhost:[1m8800[22m/[39m
2025-11-10 21:48 +05:30:   [32m➜[39m  [1mNetwork[22m: [36mhttp://192.168.1.34:[1m8800[22m/[39m
2025-11-10 21:52 +05:30: 
2025-11-10 21:52 +05:30: > cmscrm-frontend@1.0.0 dev
2025-11-10 21:52 +05:30: > vite --host 0.0.0.0 --port 8800
2025-11-10 21:52 +05:30: 
2025-11-10 21:52 +05:30: 
2025-11-10 21:52 +05:30:   [32m[1mVITE[22m v7.1.9[39m  [2mready in [0m[1m180[22m[2m[0m ms[22m
2025-11-10 21:52 +05:30: 
2025-11-10 21:52 +05:30:   [32m➜[39m  [1mLocal[22m:   [36mhttp://localhost:[1m8800[22m/[39m
2025-11-10 21:52 +05:30:   [32m➜[39m  [1mNetwork[22m: [36mhttp://192.168.1.34:[1m8800[22m/[39m
2025-11-10 21:54 +05:30: [2m9:54:58 pm[22m [36m[1m[vite][22m[39m [90m[2m(client)[22m[39m [32mhmr update [39m[2m/src/index.css, /src/components/UserPagesModal.jsx[22m
2025-11-10 21:54 +05:30: [2m9:54:58 pm[22m [36m[1m[vite][22m[39m [90m[2m(client)[22m[39m [32mhmr update [39m[2m/src/index.css, /src/components/Layout/Layout.jsx[22m
2025-11-10 21:54 +05:30: [2m9:54:58 pm[22m [36m[1m[vite][22m[39m [90m[2m(client)[22m[39m [32mhmr update [39m[2m/src/index.css, /src/components/PageArrangement.jsx[22m
2025-11-10 21:54 +05:30: [2m9:54:58 pm[22m [36m[1m[vite][22m[39m [90m[2m(client)[22m[39m [32mhmr update [39m[2m/src/pages/RolesPage.jsx, /src/index.css[22m
2025-11-10 21:54 +05:30: [2m9:54:58 pm[22m [36m[1m[vite][22m[39m [90m[2m(client)[22m[39m [32mhmr update [39m[2m/src/index.css, /src/pages/DashboardPage.jsx, /src/pages/RolesPage.jsx, /src/pages/PagesPage.jsx, /src/pages/UsersPage.jsx, /src/components/EnhancedSystemInformation.jsx, /src/components/EnhancedSystemPerformance.jsx, /src/components/Layout/Layout.jsx, /src/components/UserPagesModal.jsx[22m
2025-11-10 21:54 +05:30: [2m9:54:59 pm[22m [36m[1m[vite][22m[39m [32m.env changed, restarting server...[39m
2025-11-10 21:54 +05:30: [2m9:54:59 pm[22m [36m[1m[vite][22m[39m server restarted.
2025-11-13 11:19 +05:30: 
2025-11-13 11:19 +05:30: > cmscrm-frontend@1.0.0 dev
2025-11-13 11:19 +05:30: > vite --host 0.0.0.0 --port 8800
2025-11-13 11:19 +05:30: 
2025-11-13 11:19 +05:30: 
2025-11-13 11:19 +05:30:   [32m[1mVITE[22m v7.1.9[39m  [2mready in [0m[1m1217[22m[2m[0m ms[22m
2025-11-13 11:19 +05:30: 
2025-11-13 11:19 +05:30:   [32m➜[39m  [1mLocal[22m:   [36mhttp://localhost:[1m8800[22m/[39m
2025-11-13 11:19 +05:30:   [32m➜[39m  [1mNetwork[22m: [36mhttp://100.65.46.102:[1m8800[22m/[39m
2025-11-13 11:21 +05:30: [2m11:21:55 am[22m [36m[1m[vite][22m[39m [32m.env changed, restarting server...[39m
2025-11-13 11:21 +05:30: [2m11:21:55 am[22m [36m[1m[vite][22m[39m server restarted.
2025-11-13 11:21 +05:30: [2m11:21:55 am[22m [36m[1m[vite][22m[39m [32m.env changed, restarting server...[39m
2025-11-13 11:21 +05:30: [2m11:21:56 am[22m [36m[1m[vite][22m[39m server restarted.
2025-11-13 11:21 +05:30: [2m11:21:57 am[22m [36m[1m[vite][22m[39m [32mvite.config.js changed, restarting server...[39m
2025-11-13 11:22 +05:30: [2m11:22:00 am[22m [36m[1m[vite][22m[39m server restarted.
2025-11-13 11:22 +05:30: 
2025-11-13 11:22 +05:30: > cmscrm-frontend@1.0.0 dev
2025-11-13 11:22 +05:30: > vite --host 0.0.0.0 --port 8800
2025-11-13 11:22 +05:30: 
2025-11-13 11:22 +05:30: 
2025-11-13 11:22 +05:30:   [32m[1mVITE[22m v7.1.9[39m  [2mready in [0m[1m687[22m[2m[0m ms[22m
2025-11-13 11:22 +05:30: 
2025-11-13 11:22 +05:30:   [32m➜[39m  [1mLocal[22m:   [36mhttp://localhost:[1m8800[22m/[39m
2025-11-13 11:22 +05:30:   [32m➜[39m  [1mNetwork[22m: [36mhttp://100.65.46.102:[1m8800[22m/[39m
2025-11-13 11:50 +05:30: 
2025-11-13 11:50 +05:30: > cmscrm-frontend@1.0.0 dev
2025-11-13 11:50 +05:30: > vite --host 0.0.0.0 --port 8800
2025-11-13 11:50 +05:30: 
2025-11-13 11:50 +05:30: 
2025-11-13 11:50 +05:30:   [32m[1mVITE[22m v7.1.9[39m  [2mready in [0m[1m869[22m[2m[0m ms[22m
2025-11-13 11:50 +05:30: 
2025-11-13 11:50 +05:30:   [32m➜[39m  [1mLocal[22m:   [36mhttp://localhost:[1m8800[22m/[39m
2025-11-13 11:50 +05:30:   [32m➜[39m  [1mNetwork[22m: [36mhttp://169.254.83.107:[1m8800[22m/[39m
2025-11-13 11:50 +05:30:   [32m➜[39m  [1mNetwork[22m: [36mhttp://192.168.137.1:[1m8800[22m/[39m
2025-11-13 12:45 +05:30: 
2025-11-13 12:45 +05:30: > cmscrm-frontend@1.0.0 dev
2025-11-13 12:45 +05:30: > vite --host 0.0.0.0 --port 8800
2025-11-13 12:45 +05:30: 
2025-11-13 12:45 +05:30: 
2025-11-13 12:45 +05:30:   [32m[1mVITE[22m v7.1.9[39m  [2mready in [0m[1m688[22m[2m[0m ms[22m
2025-11-13 12:45 +05:30: 
2025-11-13 12:45 +05:30:   [32m➜[39m  [1mLocal[22m:   [36mhttp://localhost:[1m8800[22m/[39m
2025-11-13 12:45 +05:30:   [32m➜[39m  [1mNetwork[22m: [36mhttp://169.254.83.107:[1m8800[22m/[39m
2025-11-13 12:45 +05:30:   [32m➜[39m  [1mNetwork[22m: [36mhttp://192.168.137.1:[1m8800[22m/[39m
2025-11-13 12:45 +05:30:   [32m➜[39m  [1mNetwork[22m: [36mhttp://192.168.31.65:[1m8800[22m/[39m
2025-11-14 10:28 +05:30: 
2025-11-14 10:28 +05:30: > cmscrm-frontend@1.0.0 dev
2025-11-14 10:28 +05:30: > vite --host 0.0.0.0 --port 8800
2025-11-14 10:28 +05:30: 
2025-11-14 10:28 +05:30: 
2025-11-14 10:28 +05:30:   [32m[1mVITE[22m v7.1.9[39m  [2mready in [0m[1m740[22m[2m[0m ms[22m
2025-11-14 10:28 +05:30: 
2025-11-14 10:28 +05:30:   [32m➜[39m  [1mLocal[22m:   [36mhttp://localhost:[1m8800[22m/[39m
2025-11-14 10:28 +05:30:   [32m➜[39m  [1mNetwork[22m: [36mhttp://169.254.83.107:[1m8800[22m/[39m
2025-11-14 10:28 +05:30:   [32m➜[39m  [1mNetwork[22m: [36mhttp://192.168.137.1:[1m8800[22m/[39m
2025-11-14 10:28 +05:30:   [32m➜[39m  [1mNetwork[22m: [36mhttp://192.168.31.65:[1m8800[22m/[39m
2025-11-15 10:50 +05:30: 
2025-11-15 10:50 +05:30: > cmscrm-frontend@1.0.0 dev
2025-11-15 10:50 +05:30: > vite --host 0.0.0.0 --port 8800
2025-11-15 10:50 +05:30: 
2025-11-15 10:50 +05:30: 
2025-11-15 10:50 +05:30:   [32m[1mVITE[22m v7.1.9[39m  [2mready in [0m[1m830[22m[2m[0m ms[22m
2025-11-15 10:50 +05:30: 
2025-11-15 10:50 +05:30:   [32m➜[39m  [1mLocal[22m:   [36mhttp://localhost:[1m8800[22m/[39m
2025-11-15 10:50 +05:30:   [32m➜[39m  [1mNetwork[22m: [36mhttp://169.254.83.107:[1m8800[22m/[39m
2025-11-15 10:50 +05:30:   [32m➜[39m  [1mNetwork[22m: [36mhttp://192.168.137.1:[1m8800[22m/[39m
2025-11-15 10:50 +05:30:   [32m➜[39m  [1mNetwork[22m: [36mhttp://192.168.31.65:[1m8800[22m/[39m
2025-11-17 12:24 +05:30: 
2025-11-17 12:24 +05:30: > cmscrm-frontend@1.0.0 dev
2025-11-17 12:24 +05:30: > vite --host 0.0.0.0 --port 8800
2025-11-17 12:24 +05:30: 
2025-11-17 12:24 +05:30: 
2025-11-17 12:24 +05:30:   [32m[1mVITE[22m v7.1.9[39m  [2mready in [0m[1m1324[22m[2m[0m ms[22m
2025-11-17 12:24 +05:30: 
2025-11-17 12:24 +05:30:   [32m➜[39m  [1mLocal[22m:   [36mhttp://localhost:[1m8800[22m/[39m
2025-11-17 12:24 +05:30:   [32m➜[39m  [1mNetwork[22m: [36mhttp://169.254.83.107:[1m8800[22m/[39m
2025-11-17 12:24 +05:30:   [32m➜[39m  [1mNetwork[22m: [36mhttp://192.168.137.1:[1m8800[22m/[39m
2025-11-17 12:24 +05:30:   [32m➜[39m  [1mNetwork[22m: [36mhttp://192.168.31.65:[1m8800[22m/[39m
2025-11-18 14:43 +05:30: 
2025-11-18 14:43 +05:30: > cmscrm-frontend@1.0.0 dev
2025-11-18 14:43 +05:30: > vite --host 0.0.0.0 --port 8800
2025-11-18 14:43 +05:30: 
2025-11-18 14:43 +05:30: 
2025-11-18 14:43 +05:30:   [32m[1mVITE[22m v7.1.9[39m  [2mready in [0m[1m1043[22m[2m[0m ms[22m
2025-11-18 14:43 +05:30: 
2025-11-18 14:43 +05:30:   [32m➜[39m  [1mLocal[22m:   [36mhttp://localhost:[1m8800[22m/[39m
2025-11-18 14:43 +05:30:   [32m➜[39m  [1mNetwork[22m: [36mhttp://169.254.83.107:[1m8800[22m/[39m
2025-11-18 14:43 +05:30:   [32m➜[39m  [1mNetwork[22m: [36mhttp://192.168.137.1:[1m8800[22m/[39m
2025-11-18 14:43 +05:30:   [32m➜[39m  [1mNetwork[22m: [36mhttp://192.168.31.65:[1m8800[22m/[39m
2025-11-18 16:32 +05:30: 
2025-11-18 16:32 +05:30: > cmscrm-frontend@1.0.0 dev
2025-11-18 16:32 +05:30: > vite --host 0.0.0.0 --port 8800
2025-11-18 16:32 +05:30: 
2025-11-18 16:32 +05:30: 
2025-11-18 16:32 +05:30:   [32m[1mVITE[22m v7.1.9[39m  [2mready in [0m[1m596[22m[2m[0m ms[22m
2025-11-18 16:32 +05:30: 
2025-11-18 16:32 +05:30:   [32m➜[39m  [1mLocal[22m:   [36mhttp://localhost:[1m8800[22m/[39m
2025-11-18 16:32 +05:30:   [32m➜[39m  [1mNetwork[22m: [36mhttp://100.65.46.102:[1m8800[22m/[39m
2025-11-18 16:32 +05:30:   [32m➜[39m  [1mNetwork[22m: [36mhttp://192.168.137.1:[1m8800[22m/[39m
2025-11-18 16:32 +05:30:   [32m➜[39m  [1mNetwork[22m: [36mhttp://192.168.31.65:[1m8800[22m/[39m
2025-11-18 19:43 +05:30: 
2025-11-18 19:43 +05:30: > cmscrm-frontend@1.0.0 dev
2025-11-18 19:43 +05:30: > vite --host 0.0.0.0 --port 8800
2025-11-18 19:43 +05:30: 
2025-11-18 19:43 +05:30: 
2025-11-18 19:43 +05:30:   [32m[1mVITE[22m v7.1.9[39m  [2mready in [0m[1m1015[22m[2m[0m ms[22m
2025-11-18 19:43 +05:30: 
2025-11-18 19:43 +05:30:   [32m➜[39m  [1mLocal[22m:   [36mhttp://localhost:[1m8800[22m/[39m
2025-11-18 19:43 +05:30:   [32m➜[39m  [1mNetwork[22m: [36mhttp://169.254.83.107:[1m8800[22m/[39m
2025-11-18 19:43 +05:30:   [32m➜[39m  [1mNetwork[22m: [36mhttp://192.168.137.1:[1m8800[22m/[39m
2025-11-18 19:43 +05:30:   [32m➜[39m  [1mNetwork[22m: [36mhttp://172.19.14.69:[1m8800[22m/[39m
2025-11-19 09:21 +05:30: 
2025-11-19 09:21 +05:30: > cmscrm-frontend@1.0.0 dev
2025-11-19 09:21 +05:30: > vite --host 0.0.0.0 --port 8800
2025-11-19 09:21 +05:30: 
2025-11-19 09:21 +05:30: 
2025-11-19 09:21 +05:30:   [32m[1mVITE[22m v7.1.9[39m  [2mready in [0m[1m910[22m[2m[0m ms[22m
2025-11-19 09:21 +05:30: 
2025-11-19 09:21 +05:30:   [32m➜[39m  [1mLocal[22m:   [36mhttp://localhost:[1m8800[22m/[39m
2025-11-19 09:21 +05:30:   [32m➜[39m  [1mNetwork[22m: [36mhttp://169.254.83.107:[1m8800[22m/[39m
2025-11-19 09:21 +05:30:   [32m➜[39m  [1mNetwork[22m: [36mhttp://192.168.137.1:[1m8800[22m/[39m
2025-11-19 09:21 +05:30:   [32m➜[39m  [1mNetwork[22m: [36mhttp://192.168.31.65:[1m8800[22m/[39m
2025-11-19 14:03 +05:30: 
2025-11-19 14:03 +05:30: > cmscrm-frontend@1.0.0 dev
2025-11-19 14:03 +05:30: > vite --host 0.0.0.0 --port 8800
2025-11-19 14:03 +05:30: 
2025-11-19 14:03 +05:30: 
2025-11-19 14:03 +05:30:   [32m[1mVITE[22m v7.1.9[39m  [2mready in [0m[1m838[22m[2m[0m ms[22m
2025-11-19 14:03 +05:30: 
2025-11-19 14:03 +05:30:   [32m➜[39m  [1mLocal[22m:   [36mhttp://localhost:[1m8800[22m/[39m
2025-11-19 14:03 +05:30:   [32m➜[39m  [1mNetwork[22m: [36mhttp://100.65.46.102:[1m8800[22m/[39m
2025-11-19 14:03 +05:30:   [32m➜[39m  [1mNetwork[22m: [36mhttp://192.168.137.1:[1m8800[22m/[39m
2025-11-19 14:03 +05:30:   [32m➜[39m  [1mNetwork[22m: [36mhttp://192.168.31.65:[1m8800[22m/[39m
2025-11-19 14:15 +05:30: 
2025-11-19 14:15 +05:30: > cmscrm-frontend@1.0.0 dev
2025-11-19 14:15 +05:30: > vite --host 0.0.0.0 --port 8800
2025-11-19 14:15 +05:30: 
2025-11-19 14:15 +05:30: 
2025-11-19 14:15 +05:30:   [32m[1mVITE[22m v7.1.9[39m  [2mready in [0m[1m1037[22m[2m[0m ms[22m
2025-11-19 14:15 +05:30: 
2025-11-19 14:15 +05:30:   [32m➜[39m  [1mLocal[22m:   [36mhttp://localhost:[1m8800[22m/[39m
2025-11-19 14:15 +05:30:   [32m➜[39m  [1mNetwork[22m: [36mhttp://169.254.83.107:[1m8800[22m/[39m
2025-11-19 14:15 +05:30:   [32m➜[39m  [1mNetwork[22m: [36mhttp://192.168.137.1:[1m8800[22m/[39m
2025-11-19 14:15 +05:30:   [32m➜[39m  [1mNetwork[22m: [36mhttp://192.168.31.65:[1m8800[22m/[39m
2025-11-20 10:25 +05:30: 
2025-11-20 10:25 +05:30: > cmscrm-frontend@1.0.0 dev
2025-11-20 10:25 +05:30: > vite --host 0.0.0.0 --port 8800
2025-11-20 10:25 +05:30: 
2025-11-20 10:25 +05:30: 
2025-11-20 10:25 +05:30:   [32m[1mVITE[22m v7.1.9[39m  [2mready in [0m[1m1139[22m[2m[0m ms[22m
2025-11-20 10:25 +05:30: 
2025-11-20 10:25 +05:30:   [32m➜[39m  [1mLocal[22m:   [36mhttp://localhost:[1m8800[22m/[39m
2025-11-20 10:25 +05:30:   [32m➜[39m  [1mNetwork[22m: [36mhttp://169.254.83.107:[1m8800[22m/[39m
2025-11-20 10:25 +05:30:   [32m➜[39m  [1mNetwork[22m: [36mhttp://192.168.137.1:[1m8800[22m/[39m
2025-11-20 10:25 +05:30:   [32m➜[39m  [1mNetwork[22m: [36mhttp://192.168.31.65:[1m8800[22m/[39m
2025-11-21 10:34 +05:30: 
2025-11-21 10:34 +05:30: > cmscrm-frontend@1.0.0 dev
2025-11-21 10:34 +05:30: > vite --host 0.0.0.0 --port 8800
2025-11-21 10:34 +05:30: 
2025-11-21 10:34 +05:30: 
2025-11-21 10:34 +05:30:   [32m[1mVITE[22m v7.1.9[39m  [2mready in [0m[1m711[22m[2m[0m ms[22m
2025-11-21 10:34 +05:30: 
2025-11-21 10:34 +05:30:   [32m➜[39m  [1mLocal[22m:   [36mhttp://localhost:[1m8800[22m/[39m
2025-11-21 10:34 +05:30:   [32m➜[39m  [1mNetwork[22m: [36mhttp://169.254.83.107:[1m8800[22m/[39m
2025-11-21 10:34 +05:30:   [32m➜[39m  [1mNetwork[22m: [36mhttp://192.168.137.1:[1m8800[22m/[39m
2025-11-21 10:34 +05:30:   [32m➜[39m  [1mNetwork[22m: [36mhttp://192.168.31.65:[1m8800[22m/[39m
2025-11-21 20:34 +05:30: 
2025-11-21 20:34 +05:30: > cmscrm-frontend@1.0.0 dev
2025-11-21 20:34 +05:30: > vite --host 0.0.0.0 --port 8800
2025-11-21 20:34 +05:30: 
2025-11-21 20:34 +05:30: 
2025-11-21 20:34 +05:30:   [32m[1mVITE[22m v7.1.9[39m  [2mready in [0m[1m905[22m[2m[0m ms[22m
2025-11-21 20:34 +05:30: 
2025-11-21 20:34 +05:30:   [32m➜[39m  [1mLocal[22m:   [36mhttp://localhost:[1m8800[22m/[39m
2025-11-21 20:34 +05:30:   [32m➜[39m  [1mNetwork[22m: [36mhttp://169.254.83.107:[1m8800[22m/[39m
2025-11-21 20:34 +05:30:   [32m➜[39m  [1mNetwork[22m: [36mhttp://192.168.137.1:[1m8800[22m/[39m
2025-11-21 20:34 +05:30:   [32m➜[39m  [1mNetwork[22m: [36mhttp://192.168.31.65:[1m8800[22m/[39m
2025-11-23 12:09 +05:30: 
2025-11-23 12:09 +05:30: > cmscrm-frontend@1.0.0 dev
2025-11-23 12:09 +05:30: > vite --host 0.0.0.0 --port 8800
2025-11-23 12:09 +05:30: 
2025-11-23 12:09 +05:30: 
2025-11-23 12:09 +05:30:   [32m[1mVITE[22m v7.1.9[39m  [2mready in [0m[1m748[22m[2m[0m ms[22m
2025-11-23 12:09 +05:30: 
2025-11-23 12:09 +05:30:   [32m➜[39m  [1mLocal[22m:   [36mhttp://localhost:[1m8800[22m/[39m
2025-11-23 12:09 +05:30:   [32m➜[39m  [1mNetwork[22m: [36mhttp://169.254.83.107:[1m8800[22m/[39m
2025-11-23 12:09 +05:30:   [32m➜[39m  [1mNetwork[22m: [36mhttp://192.168.137.1:[1m8800[22m/[39m
2025-11-23 12:09 +05:30:   [32m➜[39m  [1mNetwork[22m: [36mhttp://192.168.31.65:[1m8800[22m/[39m
2025-11-23 20:49 +05:30: 
2025-11-23 20:49 +05:30: > cmscrm-frontend@1.0.0 dev
2025-11-23 20:49 +05:30: > vite --host 0.0.0.0 --port 8800
2025-11-23 20:49 +05:30: 
2025-11-23 20:49 +05:30: 
2025-11-23 20:49 +05:30:   [32m[1mVITE[22m v7.1.9[39m  [2mready in [0m[1m717[22m[2m[0m ms[22m
2025-11-23 20:49 +05:30: 
2025-11-23 20:49 +05:30:   [32m➜[39m  [1mLocal[22m:   [36mhttp://localhost:[1m8800[22m/[39m
2025-11-23 20:49 +05:30:   [32m➜[39m  [1mNetwork[22m: [36mhttp://169.254.83.107:[1m8800[22m/[39m
2025-11-23 20:49 +05:30:   [32m➜[39m  [1mNetwork[22m: [36mhttp://10.122.104.69:[1m8800[22m/[39m
2025-11-30 18:30 +05:30: 
2025-11-30 18:30 +05:30: > cmscrm-frontend@1.0.0 dev
2025-11-30 18:30 +05:30: > vite --host 0.0.0.0 --port 8800
2025-11-30 18:30 +05:30: 
2025-11-30 18:30 +05:30: 
2025-11-30 18:30 +05:30:   [32m[1mVITE[22m v7.1.9[39m  [2mready in [0m[1m716[22m[2m[0m ms[22m
2025-11-30 18:30 +05:30: 
2025-11-30 18:30 +05:30:   [32m➜[39m  [1mLocal[22m:   [36mhttp://localhost:[1m8800[22m/[39m
2025-11-30 18:30 +05:30:   [32m➜[39m  [1mNetwork[22m: [36mhttp://169.254.83.107:[1m8800[22m/[39m
2025-11-30 18:30 +05:30:   [32m➜[39m  [1mNetwork[22m: [36mhttp://192.168.137.1:[1m8800[22m/[39m
2025-11-30 18:30 +05:30:   [32m➜[39m  [1mNetwork[22m: [36mhttp://192.168.31.65:[1m8800[22m/[39m
2025-12-01 12:56 +05:30: 
2025-12-01 12:56 +05:30: > cmscrm-frontend@1.0.0 dev
2025-12-01 12:56 +05:30: > vite --host 0.0.0.0 --port 8800
2025-12-01 12:56 +05:30: 
2025-12-01 12:56 +05:30: 
2025-12-01 12:56 +05:30:   [32m[1mVITE[22m v7.1.9[39m  [2mready in [0m[1m1257[22m[2m[0m ms[22m
2025-12-01 12:56 +05:30: 
2025-12-01 12:56 +05:30:   [32m➜[39m  [1mLocal[22m:   [36mhttp://localhost:[1m8800[22m/[39m
2025-12-01 12:56 +05:30:   [32m➜[39m  [1mNetwork[22m: [36mhttp://169.254.83.107:[1m8800[22m/[39m
2025-12-01 12:56 +05:30:   [32m➜[39m  [1mNetwork[22m: [36mhttp://192.168.137.1:[1m8800[22m/[39m
2025-12-01 12:56 +05:30:   [32m➜[39m  [1mNetwork[22m: [36mhttp://192.168.31.65:[1m8800[22m/[39m
2025-12-02 14:37 +05:30: 
2025-12-02 14:37 +05:30: > cmscrm-frontend@1.0.0 dev
2025-12-02 14:37 +05:30: > vite --host 0.0.0.0 --port 8800
2025-12-02 14:37 +05:30: 
2025-12-02 14:37 +05:30: 
2025-12-02 14:37 +05:30:   [32m[1mVITE[22m v7.1.9[39m  [2mready in [0m[1m895[22m[2m[0m ms[22m
2025-12-02 14:37 +05:30: 
2025-12-02 14:37 +05:30:   [32m➜[39m  [1mLocal[22m:   [36mhttp://localhost:[1m8800[22m/[39m
2025-12-02 14:37 +05:30:   [32m➜[39m  [1mNetwork[22m: [36mhttp://169.254.83.107:[1m8800[22m/[39m
2025-12-02 14:37 +05:30:   [32m➜[39m  [1mNetwork[22m: [36mhttp://192.168.137.1:[1m8800[22m/[39m
2025-12-02 14:37 +05:30:   [32m➜[39m  [1mNetwork[22m: [36mhttp://192.168.31.65:[1m8800[22m/[39m
2025-12-02 15:03 +05:30: 
2025-12-02 15:03 +05:30: > cmscrm-frontend@1.0.0 dev
2025-12-02 15:03 +05:30: > vite --host 0.0.0.0 --port 8800
2025-12-02 15:03 +05:30: 
2025-12-02 15:03 +05:30: 
2025-12-02 15:03 +05:30:   [32m[1mVITE[22m v7.1.9[39m  [2mready in [0m[1m1885[22m[2m[0m ms[22m
2025-12-02 15:03 +05:30: 
2025-12-02 15:03 +05:30:   [32m➜[39m  [1mLocal[22m:   [36mhttp://localhost:[1m8800[22m/[39m
2025-12-02 15:03 +05:30:   [32m➜[39m  [1mNetwork[22m: [36mhttp://169.254.83.107:[1m8800[22m/[39m
2025-12-02 15:03 +05:30:   [32m➜[39m  [1mNetwork[22m: [36mhttp://192.168.137.1:[1m8800[22m/[39m
2025-12-02 15:03 +05:30:   [32m➜[39m  [1mNetwork[22m: [36mhttp://192.168.31.65:[1m8800[22m/[39m
2025-12-03 09:43 +05:30: 
2025-12-03 09:43 +05:30: > cmscrm-frontend@1.0.0 dev
2025-12-03 09:43 +05:30: > vite --host 0.0.0.0 --port 8800
2025-12-03 09:43 +05:30: 
2025-12-03 09:43 +05:30: 
2025-12-03 09:43 +05:30:   [32m[1mVITE[22m v7.1.9[39m  [2mready in [0m[1m728[22m[2m[0m ms[22m
2025-12-03 09:43 +05:30: 
2025-12-03 09:43 +05:30:   [32m➜[39m  [1mLocal[22m:   [36mhttp://localhost:[1m8800[22m/[39m
2025-12-03 09:43 +05:30:   [32m➜[39m  [1mNetwork[22m: [36mhttp://169.254.83.107:[1m8800[22m/[39m
2025-12-03 09:43 +05:30:   [32m➜[39m  [1mNetwork[22m: [36mhttp://192.168.137.1:[1m8800[22m/[39m
2025-12-03 09:43 +05:30:   [32m➜[39m  [1mNetwork[22m: [36mhttp://192.168.31.65:[1m8800[22m/[39m
2025-12-03 11:43 +05:30: 
2025-12-03 11:43 +05:30: > cmscrm-frontend@1.0.0 dev
2025-12-03 11:43 +05:30: > vite --host 0.0.0.0 --port 8800
2025-12-03 11:43 +05:30: 
2025-12-03 11:43 +05:30: 
2025-12-03 11:43 +05:30:   [32m[1mVITE[22m v7.1.9[39m  [2mready in [0m[1m570[22m[2m[0m ms[22m
2025-12-03 11:43 +05:30: 
2025-12-03 11:43 +05:30:   [32m➜[39m  [1mLocal[22m:   [36mhttp://localhost:[1m8800[22m/[39m
2025-12-03 11:43 +05:30:   [32m➜[39m  [1mNetwork[22m: [36mhttp://169.254.83.107:[1m8800[22m/[39m
2025-12-03 11:43 +05:30:   [32m➜[39m  [1mNetwork[22m: [36mhttp://192.168.137.1:[1m8800[22m/[39m
2025-12-03 11:43 +05:30:   [32m➜[39m  [1mNetwork[22m: [36mhttp://192.168.31.65:[1m8800[22m/[39m
2025-12-04 11:25 +05:30: 
2025-12-04 11:25 +05:30: > cmscrm-frontend@1.0.0 dev
2025-12-04 11:25 +05:30: > vite --host 0.0.0.0 --port 8800
2025-12-04 11:25 +05:30: 
2025-12-04 11:25 +05:30: 
2025-12-04 11:25 +05:30:   [32m[1mVITE[22m v7.1.9[39m  [2mready in [0m[1m599[22m[2m[0m ms[22m
2025-12-04 11:25 +05:30: 
2025-12-04 11:25 +05:30:   [32m➜[39m  [1mLocal[22m:   [36mhttp://localhost:[1m8800[22m/[39m
2025-12-04 11:25 +05:30:   [32m➜[39m  [1mNetwork[22m: [36mhttp://169.254.83.107:[1m8800[22m/[39m
2025-12-04 11:25 +05:30:   [32m➜[39m  [1mNetwork[22m: [36mhttp://192.168.137.1:[1m8800[22m/[39m
2025-12-04 11:25 +05:30:   [32m➜[39m  [1mNetwork[22m: [36mhttp://192.168.31.65:[1m8800[22m/[39m
2025-12-04 22:45 +05:30: 
2025-12-04 22:45 +05:30: > cmscrm-frontend@1.0.0 dev
2025-12-04 22:45 +05:30: > vite --host 0.0.0.0 --port 8800
2025-12-04 22:45 +05:30: 
2025-12-04 22:45 +05:30: 
2025-12-04 22:45 +05:30:   [32m[1mVITE[22m v7.1.9[39m  [2mready in [0m[1m641[22m[2m[0m ms[22m
2025-12-04 22:45 +05:30: 
2025-12-04 22:45 +05:30:   [32m➜[39m  [1mLocal[22m:   [36mhttp://localhost:[1m8800[22m/[39m
2025-12-04 22:45 +05:30:   [32m➜[39m  [1mNetwork[22m: [36mhttp://169.254.83.107:[1m8800[22m/[39m
2025-12-04 22:45 +05:30:   [32m➜[39m  [1mNetwork[22m: [36mhttp://192.168.137.1:[1m8800[22m/[39m
2025-12-04 22:45 +05:30:   [32m➜[39m  [1mNetwork[22m: [36mhttp://192.168.31.65:[1m8800[22m/[39m
2025-12-05 10:02 +05:30: 
2025-12-05 10:02 +05:30: > cmscrm-frontend@1.0.0 dev
2025-12-05 10:02 +05:30: > vite --host 0.0.0.0 --port 8800
2025-12-05 10:02 +05:30: 
2025-12-05 10:02 +05:30: 
2025-12-05 10:02 +05:30:   [32m[1mVITE[22m v7.1.9[39m  [2mready in [0m[1m544[22m[2m[0m ms[22m
2025-12-05 10:02 +05:30: 
2025-12-05 10:02 +05:30:   [32m➜[39m  [1mLocal[22m:   [36mhttp://localhost:[1m8800[22m/[39m
2025-12-05 10:02 +05:30:   [32m➜[39m  [1mNetwork[22m: [36mhttp://169.254.83.107:[1m8800[22m/[39m
2025-12-05 10:02 +05:30:   [32m➜[39m  [1mNetwork[22m: [36mhttp://192.168.137.1:[1m8800[22m/[39m
2025-12-05 10:02 +05:30:   [32m➜[39m  [1mNetwork[22m: [36mhttp://192.168.31.65:[1m8800[22m/[39m
2025-12-06 19:45 +05:30: 
2025-12-06 19:45 +05:30: > cmscrm-frontend@1.0.0 dev
2025-12-06 19:45 +05:30: > vite --host 0.0.0.0 --port 8800
2025-12-06 19:45 +05:30: 
2025-12-06 19:45 +05:30: 
2025-12-06 19:45 +05:30:   [32m[1mVITE[22m v7.1.9[39m  [2mready in [0m[1m545[22m[2m[0m ms[22m
2025-12-06 19:45 +05:30: 
2025-12-06 19:45 +05:30:   [32m➜[39m  [1mLocal[22m:   [36mhttp://localhost:[1m8800[22m/[39m
2025-12-06 19:45 +05:30:   [32m➜[39m  [1mNetwork[22m: [36mhttp://169.254.83.107:[1m8800[22m/[39m
2025-12-06 19:45 +05:30:   [32m➜[39m  [1mNetwork[22m: [36mhttp://192.168.137.1:[1m8800[22m/[39m
2025-12-06 19:45 +05:30:   [32m➜[39m  [1mNetwork[22m: [36mhttp://192.168.31.65:[1m8800[22m/[39m
2025-12-10 10:58 +05:30: 
2025-12-10 10:58 +05:30: > cmscrm-frontend@1.0.0 dev
2025-12-10 10:58 +05:30: > vite --host 0.0.0.0 --port 8800
2025-12-10 10:58 +05:30: 
2025-12-10 10:58 +05:30: 
2025-12-10 10:58 +05:30:   [32m[1mVITE[22m v7.1.9[39m  [2mready in [0m[1m593[22m[2m[0m ms[22m
2025-12-10 10:58 +05:30: 
2025-12-10 10:58 +05:30:   [32m➜[39m  [1mLocal[22m:   [36mhttp://localhost:[1m8800[22m/[39m
2025-12-10 10:58 +05:30:   [32m➜[39m  [1mNetwork[22m: [36mhttp://169.254.83.107:[1m8800[22m/[39m
2025-12-10 20:58 +05:30: 
2025-12-10 20:58 +05:30: > cmscrm-frontend@1.0.0 dev
2025-12-10 20:58 +05:30: > vite --host 0.0.0.0 --port 8800
2025-12-10 20:58 +05:30: 
2025-12-10 20:58 +05:30: 
2025-12-10 20:58 +05:30:   [32m[1mVITE[22m v7.1.9[39m  [2mready in [0m[1m672[22m[2m[0m ms[22m
2025-12-10 20:58 +05:30: 
2025-12-10 20:58 +05:30:   [32m➜[39m  [1mLocal[22m:   [36mhttp://localhost:[1m8800[22m/[39m
2025-12-10 20:58 +05:30:   [32m➜[39m  [1mNetwork[22m: [36mhttp://169.254.83.107:[1m8800[22m/[39m
2025-12-10 20:58 +05:30: [baseline-browser-mapping] The data in this module is over two months old.  To ensure accurate Baseline data, please update: `npm i baseline-browser-mapping@latest -D`
2025-12-11 09:41 +05:30: 
2025-12-11 09:41 +05:30: > cmscrm-frontend@1.0.0 dev
2025-12-11 09:41 +05:30: > vite --host 0.0.0.0 --port 8800
2025-12-11 09:41 +05:30: 
2025-12-11 09:41 +05:30: 
2025-12-11 09:41 +05:30:   [32m[1mVITE[22m v7.1.9[39m  [2mready in [0m[1m588[22m[2m[0m ms[22m
2025-12-11 09:41 +05:30: 
2025-12-11 09:41 +05:30:   [32m➜[39m  [1mLocal[22m:   [36mhttp://localhost:[1m8800[22m/[39m
2025-12-11 09:41 +05:30:   [32m➜[39m  [1mNetwork[22m: [36mhttp://169.254.83.107:[1m8800[22m/[39m
2025-12-11 09:41 +05:30: [baseline-browser-mapping] The data in this module is over two months old.  To ensure accurate Baseline data, please update: `npm i baseline-browser-mapping@latest -D`
2025-12-11 12:55 +05:30: 
2025-12-11 12:55 +05:30: > cmscrm-frontend@1.0.0 dev
2025-12-11 12:55 +05:30: > vite --host 0.0.0.0 --port 8800
2025-12-11 12:55 +05:30: 
2025-12-11 12:55 +05:30: 
2025-12-11 12:55 +05:30:   [32m[1mVITE[22m v7.1.9[39m  [2mready in [0m[1m681[22m[2m[0m ms[22m
2025-12-11 12:55 +05:30: 
2025-12-11 12:55 +05:30:   [32m➜[39m  [1mLocal[22m:   [36mhttp://localhost:[1m8800[22m/[39m
2025-12-11 12:55 +05:30:   [32m➜[39m  [1mNetwork[22m: [36mhttp://169.254.83.107:[1m8800[22m/[39m
2025-12-11 12:55 +05:30:   [32m➜[39m  [1mNetwork[22m: [36mhttp://192.168.137.1:[1m8800[22m/[39m
2025-12-11 12:55 +05:30:   [32m➜[39m  [1mNetwork[22m: [36mhttp://172.22.184.69:[1m8800[22m/[39m
2025-12-11 12:55 +05:30: [baseline-browser-mapping] The data in this module is over two months old.  To ensure accurate Baseline data, please update: `npm i baseline-browser-mapping@latest -D`
2025-12-12 09:34 +05:30: 
2025-12-12 09:34 +05:30: > cmscrm-frontend@1.0.0 dev
2025-12-12 09:34 +05:30: > vite --host 0.0.0.0 --port 8800
2025-12-12 09:34 +05:30: 
2025-12-12 09:34 +05:30: 
2025-12-12 09:34 +05:30:   [32m[1mVITE[22m v7.1.9[39m  [2mready in [0m[1m568[22m[2m[0m ms[22m
2025-12-12 09:34 +05:30: 
2025-12-12 09:34 +05:30:   [32m➜[39m  [1mLocal[22m:   [36mhttp://localhost:[1m8800[22m/[39m
2025-12-12 09:34 +05:30:   [32m➜[39m  [1mNetwork[22m: [36mhttp://169.254.83.107:[1m8800[22m/[39m
2025-12-12 09:34 +05:30: [baseline-browser-mapping] The data in this module is over two months old.  To ensure accurate Baseline data, please update: `npm i baseline-browser-mapping@latest -D`
2025-12-13 12:05 +05:30: 
2025-12-13 12:05 +05:30: > cmscrm-frontend@1.0.0 dev
2025-12-13 12:05 +05:30: > vite --host 0.0.0.0 --port 8800
2025-12-13 12:05 +05:30: 
2025-12-13 12:05 +05:30: 
2025-12-13 12:05 +05:30:   [32m[1mVITE[22m v7.1.9[39m  [2mready in [0m[1m573[22m[2m[0m ms[22m
2025-12-13 12:05 +05:30: 
2025-12-13 12:05 +05:30:   [32m➜[39m  [1mLocal[22m:   [36mhttp://localhost:[1m8800[22m/[39m
2025-12-13 12:05 +05:30:   [32m➜[39m  [1mNetwork[22m: [36mhttp://169.254.83.107:[1m8800[22m/[39m
2025-12-13 12:05 +05:30:   [32m➜[39m  [1mNetwork[22m: [36mhttp://192.168.137.1:[1m8800[22m/[39m
2025-12-13 12:05 +05:30:   [32m➜[39m  [1mNetwork[22m: [36mhttp://192.168.1.37:[1m8800[22m/[39m
2025-12-13 12:05 +05:30: [baseline-browser-mapping] The data in this module is over two months old.  To ensure accurate Baseline data, please update: `npm i baseline-browser-mapping@latest -D`
2025-12-14 09:45 +05:30: 
2025-12-14 09:45 +05:30: > cmscrm-frontend@1.0.0 dev
2025-12-14 09:45 +05:30: > vite --host 0.0.0.0 --port 8800
2025-12-14 09:45 +05:30: 
2025-12-14 09:45 +05:30: 
2025-12-14 09:45 +05:30:   [32m[1mVITE[22m v7.1.9[39m  [2mready in [0m[1m693[22m[2m[0m ms[22m
2025-12-14 09:45 +05:30: 
2025-12-14 09:45 +05:30:   [32m➜[39m  [1mLocal[22m:   [36mhttp://localhost:[1m8800[22m/[39m
2025-12-14 09:45 +05:30:   [32m➜[39m  [1mNetwork[22m: [36mhttp://169.254.83.107:[1m8800[22m/[39m
2025-12-14 09:45 +05:30:   [32m➜[39m  [1mNetwork[22m: [36mhttp://192.168.1.37:[1m8800[22m/[39m
2025-12-14 09:45 +05:30: [baseline-browser-mapping] The data in this module is over two months old.  To ensure accurate Baseline data, please update: `npm i baseline-browser-mapping@latest -D`
2025-12-16 10:32 +05:30: 
2025-12-16 10:32 +05:30: > cmscrm-frontend@1.0.0 dev
2025-12-16 10:32 +05:30: > vite --host 0.0.0.0 --port 8800
2025-12-16 10:32 +05:30: 
2025-12-16 10:32 +05:30: 
2025-12-16 10:32 +05:30:   [32m[1mVITE[22m v7.1.9[39m  [2mready in [0m[1m882[22m[2m[0m ms[22m
2025-12-16 10:32 +05:30: 
2025-12-16 10:32 +05:30:   [32m➜[39m  [1mLocal[22m:   [36mhttp://localhost:[1m8800[22m/[39m
2025-12-16 10:32 +05:30:   [32m➜[39m  [1mNetwork[22m: [36mhttp://169.254.83.107:[1m8800[22m/[39m
2025-12-16 10:32 +05:30:   [32m➜[39m  [1mNetwork[22m: [36mhttp://192.168.1.37:[1m8800[22m/[39m
2025-12-16 10:32 +05:30: [baseline-browser-mapping] The data in this module is over two months old.  To ensure accurate Baseline data, please update: `npm i baseline-browser-mapping@latest -D`
2025-12-22 07:51 +05:30: 
2025-12-22 07:51 +05:30: > cmscrm-frontend@1.0.0 dev
2025-12-22 07:51 +05:30: > vite --host 0.0.0.0 --port 8800
2025-12-22 07:51 +05:30: 
2025-12-22 07:51 +05:30: 
2025-12-22 07:51 +05:30:   [32m[1mVITE[22m v7.1.9[39m  [2mready in [0m[1m544[22m[2m[0m ms[22m
2025-12-22 07:51 +05:30: 
2025-12-22 07:51 +05:30:   [32m➜[39m  [1mLocal[22m:   [36mhttp://localhost:[1m8800[22m/[39m
2025-12-22 07:51 +05:30:   [32m➜[39m  [1mNetwork[22m: [36mhttp://169.254.83.107:[1m8800[22m/[39m
2025-12-22 07:51 +05:30:   [32m➜[39m  [1mNetwork[22m: [36mhttp://192.168.1.37:[1m8800[22m/[39m
2025-12-22 07:51 +05:30: [baseline-browser-mapping] The data in this module is over two months old.  To ensure accurate Baseline data, please update: `npm i baseline-browser-mapping@latest -D`
2025-12-22 11:14 +05:30: 
2025-12-22 11:14 +05:30: > cmscrm-frontend@1.0.0 dev
2025-12-22 11:14 +05:30: > vite --host 0.0.0.0 --port 8800
2025-12-22 11:14 +05:30: 
2025-12-22 11:14 +05:30: 
2025-12-22 11:14 +05:30:   [32m[1mVITE[22m v7.1.9[39m  [2mready in [0m[1m609[22m[2m[0m ms[22m
2025-12-22 11:14 +05:30: 
2025-12-22 11:14 +05:30:   [32m➜[39m  [1mLocal[22m:   [36mhttp://localhost:[1m8800[22m/[39m
2025-12-22 11:14 +05:30:   [32m➜[39m  [1mNetwork[22m: [36mhttp://169.254.83.107:[1m8800[22m/[39m
2025-12-22 11:14 +05:30:   [32m➜[39m  [1mNetwork[22m: [36mhttp://192.168.1.37:[1m8800[22m/[39m
2025-12-22 11:14 +05:30: [baseline-browser-mapping] The data in this module is over two months old.  To ensure accurate Baseline data, please update: `npm i baseline-browser-mapping@latest -D`
2025-12-24 10:17 +05:30: 
2025-12-24 10:17 +05:30: > cmscrm-frontend@1.0.0 dev
2025-12-24 10:17 +05:30: > vite --host 0.0.0.0 --port 8800
2025-12-24 10:17 +05:30: 
2025-12-24 10:17 +05:30: 
2025-12-24 10:17 +05:30:   [32m[1mVITE[22m v7.1.9[39m  [2mready in [0m[1m580[22m[2m[0m ms[22m
2025-12-24 10:17 +05:30: 
2025-12-24 10:17 +05:30:   [32m➜[39m  [1mLocal[22m:   [36mhttp://localhost:[1m8800[22m/[39m
2025-12-24 10:17 +05:30:   [32m➜[39m  [1mNetwork[22m: [36mhttp://169.254.83.107:[1m8800[22m/[39m
2025-12-24 10:17 +05:30:   [32m➜[39m  [1mNetwork[22m: [36mhttp://192.168.1.37:[1m8800[22m/[39m
2025-12-24 10:17 +05:30: [baseline-browser-mapping] The data in this module is over two months old.  To ensure accurate Baseline data, please update: `npm i baseline-browser-mapping@latest -D`
2025-12-25 10:36 +05:30: 
2025-12-25 10:36 +05:30: > cmscrm-frontend@1.0.0 dev
2025-12-25 10:36 +05:30: > vite --host 0.0.0.0 --port 8800
2025-12-25 10:36 +05:30: 
2025-12-25 10:36 +05:30: 
2025-12-25 10:36 +05:30:   [32m[1mVITE[22m v7.1.9[39m  [2mready in [0m[1m681[22m[2m[0m ms[22m
2025-12-25 10:36 +05:30: 
2025-12-25 10:36 +05:30:   [32m➜[39m  [1mLocal[22m:   [36mhttp://localhost:[1m8800[22m/[39m
2025-12-25 10:36 +05:30:   [32m➜[39m  [1mNetwork[22m: [36mhttp://169.254.83.107:[1m8800[22m/[39m
2025-12-25 10:36 +05:30:   [32m➜[39m  [1mNetwork[22m: [36mhttp://192.168.1.37:[1m8800[22m/[39m
2025-12-25 10:36 +05:30: [baseline-browser-mapping] The data in this module is over two months old.  To ensure accurate Baseline data, please update: `npm i baseline-browser-mapping@latest -D`
2025-12-26 09:04 +05:30: 
2025-12-26 09:04 +05:30: > cmscrm-frontend@1.0.0 dev
2025-12-26 09:04 +05:30: > vite --host 0.0.0.0 --port 8800
2025-12-26 09:04 +05:30: 
2025-12-26 09:04 +05:30: 
2025-12-26 09:04 +05:30:   [32m[1mVITE[22m v7.1.9[39m  [2mready in [0m[1m597[22m[2m[0m ms[22m
2025-12-26 09:04 +05:30: 
2025-12-26 09:04 +05:30:   [32m➜[39m  [1mLocal[22m:   [36mhttp://localhost:[1m8800[22m/[39m
2025-12-26 09:04 +05:30:   [32m➜[39m  [1mNetwork[22m: [36mhttp://169.254.83.107:[1m8800[22m/[39m
2025-12-26 09:04 +05:30: [baseline-browser-mapping] The data in this module is over two months old.  To ensure accurate Baseline data, please update: `npm i baseline-browser-mapping@latest -D`
2025-12-27 11:04 +05:30: 
2025-12-27 11:04 +05:30: > cmscrm-frontend@1.0.0 dev
2025-12-27 11:04 +05:30: > vite --host 0.0.0.0 --port 8800
2025-12-27 11:04 +05:30: 
2025-12-27 11:04 +05:30: 
2025-12-27 11:04 +05:30:   [32m[1mVITE[22m v7.1.9[39m  [2mready in [0m[1m611[22m[2m[0m ms[22m
2025-12-27 11:04 +05:30: 
2025-12-27 11:04 +05:30:   [32m➜[39m  [1mLocal[22m:   [36mhttp://localhost:[1m8800[22m/[39m
2025-12-27 11:04 +05:30:   [32m➜[39m  [1mNetwork[22m: [36mhttp://169.254.83.107:[1m8800[22m/[39m
2025-12-27 11:04 +05:30:   [32m➜[39m  [1mNetwork[22m: [36mhttp://192.168.1.37:[1m8800[22m/[39m
2025-12-27 11:04 +05:30: [baseline-browser-mapping] The data in this module is over two months old.  To ensure accurate Baseline data, please update: `npm i baseline-browser-mapping@latest -D`
2025-12-28 09:54 +05:30: 
2025-12-28 09:54 +05:30: > cmscrm-frontend@1.0.0 dev
2025-12-28 09:54 +05:30: > vite --host 0.0.0.0 --port 8800
2025-12-28 09:54 +05:30: 
2025-12-28 09:54 +05:30: 
2025-12-28 09:54 +05:30:   [32m[1mVITE[22m v7.1.9[39m  [2mready in [0m[1m630[22m[2m[0m ms[22m
2025-12-28 09:54 +05:30: 
2025-12-28 09:54 +05:30:   [32m➜[39m  [1mLocal[22m:   [36mhttp://localhost:[1m8800[22m/[39m
2025-12-28 09:54 +05:30:   [32m➜[39m  [1mNetwork[22m: [36mhttp://169.254.83.107:[1m8800[22m/[39m
2025-12-28 09:54 +05:30:   [32m➜[39m  [1mNetwork[22m: [36mhttp://192.168.1.37:[1m8800[22m/[39m
2025-12-28 09:54 +05:30: [baseline-browser-mapping] The data in this module is over two months old.  To ensure accurate Baseline data, please update: `npm i baseline-browser-mapping@latest -D`
2025-12-29 11:33 +05:30: 
2025-12-29 11:33 +05:30: > cmscrm-frontend@1.0.0 dev
2025-12-29 11:33 +05:30: > vite --host 0.0.0.0 --port 8800
2025-12-29 11:33 +05:30: 
2025-12-29 11:33 +05:30: 
2025-12-29 11:33 +05:30:   [32m[1mVITE[22m v7.1.9[39m  [2mready in [0m[1m710[22m[2m[0m ms[22m
2025-12-29 11:33 +05:30: 
2025-12-29 11:33 +05:30:   [32m➜[39m  [1mLocal[22m:   [36mhttp://localhost:[1m8800[22m/[39m
2025-12-29 11:33 +05:30:   [32m➜[39m  [1mNetwork[22m: [36mhttp://169.254.83.107:[1m8800[22m/[39m
2025-12-29 11:33 +05:30:   [32m➜[39m  [1mNetwork[22m: [36mhttp://192.168.1.37:[1m8800[22m/[39m
2025-12-29 11:33 +05:30: [baseline-browser-mapping] The data in this module is over two months old.  To ensure accurate Baseline data, please update: `npm i baseline-browser-mapping@latest -D`
2025-12-29 19:01 +05:30: 
2025-12-29 19:01 +05:30: > cmscrm-frontend@1.0.0 dev
2025-12-29 19:01 +05:30: > vite --host 0.0.0.0 --port 8800
2025-12-29 19:01 +05:30: 
2025-12-29 19:01 +05:30: 
2025-12-29 19:01 +05:30:   [32m[1mVITE[22m v7.1.9[39m  [2mready in [0m[1m643[22m[2m[0m ms[22m
2025-12-29 19:01 +05:30: 
2025-12-29 19:01 +05:30:   [32m➜[39m  [1mLocal[22m:   [36mhttp://localhost:[1m8800[22m/[39m
2025-12-29 19:01 +05:30:   [32m➜[39m  [1mNetwork[22m: [36mhttp://169.254.83.107:[1m8800[22m/[39m
2025-12-29 19:01 +05:30:   [32m➜[39m  [1mNetwork[22m: [36mhttp://10.48.75.69:[1m8800[22m/[39m
2025-12-29 19:01 +05:30: [baseline-browser-mapping] The data in this module is over two months old.  To ensure accurate Baseline data, please update: `npm i baseline-browser-mapping@latest -D`
2025-12-31 10:47 +05:30: 
2025-12-31 10:47 +05:30: > cmscrm-frontend@1.0.0 dev
2025-12-31 10:47 +05:30: > vite --host 0.0.0.0 --port 8800
2025-12-31 10:47 +05:30: 
2025-12-31 10:48 +05:30: 
2025-12-31 10:48 +05:30:   [32m[1mVITE[22m v7.1.9[39m  [2mready in [0m[1m562[22m[2m[0m ms[22m
2025-12-31 10:48 +05:30: 
2025-12-31 10:48 +05:30:   [32m➜[39m  [1mLocal[22m:   [36mhttp://localhost:[1m8800[22m/[39m
2025-12-31 10:48 +05:30:   [32m➜[39m  [1mNetwork[22m: [36mhttp://169.254.83.107:[1m8800[22m/[39m
2025-12-31 10:48 +05:30:   [32m➜[39m  [1mNetwork[22m: [36mhttp://192.168.1.37:[1m8800[22m/[39m
2025-12-31 10:48 +05:30: [baseline-browser-mapping] The data in this module is over two months old.  To ensure accurate Baseline data, please update: `npm i baseline-browser-mapping@latest -D`
2025-12-31 14:18 +05:30: 
2025-12-31 14:18 +05:30: > cmscrm-frontend@1.0.0 dev
2025-12-31 14:18 +05:30: > vite --host 0.0.0.0 --port 8800
2025-12-31 14:18 +05:30: 
2025-12-31 14:18 +05:30: 
2025-12-31 14:18 +05:30:   [32m[1mVITE[22m v7.1.9[39m  [2mready in [0m[1m603[22m[2m[0m ms[22m
2025-12-31 14:18 +05:30: 
2025-12-31 14:18 +05:30:   [32m➜[39m  [1mLocal[22m:   [36mhttp://localhost:[1m8800[22m/[39m
2025-12-31 14:18 +05:30:   [32m➜[39m  [1mNetwork[22m: [36mhttp://169.254.83.107:[1m8800[22m/[39m
2025-12-31 14:18 +05:30:   [32m➜[39m  [1mNetwork[22m: [36mhttp://192.168.137.1:[1m8800[22m/[39m
2025-12-31 14:18 +05:30: [baseline-browser-mapping] The data in this module is over two months old.  To ensure accurate Baseline data, please update: `npm i baseline-browser-mapping@latest -D`
2025-12-31 15:51 +05:30: 
2025-12-31 15:51 +05:30: > cmscrm-frontend@1.0.0 dev
2025-12-31 15:51 +05:30: > vite --host 0.0.0.0 --port 8800
2025-12-31 15:51 +05:30: 
2025-12-31 15:51 +05:30: 
2025-12-31 15:51 +05:30:   [32m[1mVITE[22m v7.1.9[39m  [2mready in [0m[1m537[22m[2m[0m ms[22m
2025-12-31 15:51 +05:30: 
2025-12-31 15:51 +05:30:   [32m➜[39m  [1mLocal[22m:   [36mhttp://localhost:[1m8800[22m/[39m
2025-12-31 15:51 +05:30:   [32m➜[39m  [1mNetwork[22m: [36mhttp://169.254.83.107:[1m8800[22m/[39m
2025-12-31 15:51 +05:30:   [32m➜[39m  [1mNetwork[22m: [36mhttp://192.168.137.1:[1m8800[22m/[39m
2025-12-31 15:51 +05:30:   [32m➜[39m  [1mNetwork[22m: [36mhttp://192.168.1.37:[1m8800[22m/[39m
2025-12-31 15:51 +05:30: [baseline-browser-mapping] The data in this module is over two months old.  To ensure accurate Baseline data, please update: `npm i baseline-browser-mapping@latest -D`
2025-12-31 19:21 +05:30: 
2025-12-31 19:21 +05:30: > cmscrm-frontend@1.0.0 dev
2025-12-31 19:21 +05:30: > vite --host 0.0.0.0 --port 8800
2025-12-31 19:21 +05:30: 
2025-12-31 19:21 +05:30: 
2025-12-31 19:21 +05:30:   [32m[1mVITE[22m v7.1.9[39m  [2mready in [0m[1m1138[22m[2m[0m ms[22m
2025-12-31 19:21 +05:30: 
2025-12-31 19:21 +05:30:   [32m➜[39m  [1mLocal[22m:   [36mhttp://localhost:[1m8800[22m/[39m
2025-12-31 19:21 +05:30:   [32m➜[39m  [1mNetwork[22m: [36mhttp://169.254.83.107:[1m8800[22m/[39m
2025-12-31 19:21 +05:30:   [32m➜[39m  [1mNetwork[22m: [36mhttp://192.168.1.37:[1m8800[22m/[39m
2025-12-31 19:21 +05:30: [baseline-browser-mapping] The data in this module is over two months old.  To ensure accurate Baseline data, please update: `npm i baseline-browser-mapping@latest -D`
2026-01-01 13:31 +05:30: 
2026-01-01 13:31 +05:30: > cmscrm-frontend@1.0.0 dev
2026-01-01 13:31 +05:30: > vite --host 0.0.0.0 --port 8800
2026-01-01 13:31 +05:30: 
2026-01-01 13:31 +05:30: 
2026-01-01 13:31 +05:30:   [32m[1mVITE[22m v7.1.9[39m  [2mready in [0m[1m579[22m[2m[0m ms[22m
2026-01-01 13:31 +05:30: 
2026-01-01 13:31 +05:30:   [32m➜[39m  [1mLocal[22m:   [36mhttp://localhost:[1m8800[22m/[39m
2026-01-01 13:31 +05:30:   [32m➜[39m  [1mNetwork[22m: [36mhttp://169.254.83.107:[1m8800[22m/[39m
2026-01-01 13:31 +05:30:   [32m➜[39m  [1mNetwork[22m: [36mhttp://192.168.137.1:[1m8800[22m/[39m
2026-01-01 13:31 +05:30:   [32m➜[39m  [1mNetwork[22m: [36mhttp://192.168.1.37:[1m8800[22m/[39m
2026-01-01 13:31 +05:30: [baseline-browser-mapping] The data in this module is over two months old.  To ensure accurate Baseline data, please update: `npm i baseline-browser-mapping@latest -D`
2026-01-02 10:48 +05:30: 
2026-01-02 10:48 +05:30: > cmscrm-frontend@1.0.0 dev
2026-01-02 10:48 +05:30: > vite --host 0.0.0.0 --port 8800
2026-01-02 10:48 +05:30: 
2026-01-02 10:48 +05:30: 
2026-01-02 10:48 +05:30:   [32m[1mVITE[22m v7.1.9[39m  [2mready in [0m[1m2939[22m[2m[0m ms[22m
2026-01-02 10:48 +05:30: 
2026-01-02 10:48 +05:30:   [32m➜[39m  [1mLocal[22m:   [36mhttp://localhost:[1m8800[22m/[39m
2026-01-02 10:48 +05:30:   [32m➜[39m  [1mNetwork[22m: [36mhttp://169.254.83.107:[1m8800[22m/[39m
2026-01-02 10:48 +05:30: [baseline-browser-mapping] The data in this module is over two months old.  To ensure accurate Baseline data, please update: `npm i baseline-browser-mapping@latest -D`
2026-01-02 11:18 +05:30: 
2026-01-02 11:18 +05:30: > cmscrm-frontend@1.0.0 dev
2026-01-02 11:18 +05:30: > vite --host 0.0.0.0 --port 8800
2026-01-02 11:18 +05:30: 
2026-01-02 11:18 +05:30: 
2026-01-02 11:18 +05:30:   [32m[1mVITE[22m v7.1.9[39m  [2mready in [0m[1m1848[22m[2m[0m ms[22m
2026-01-02 11:18 +05:30: 
2026-01-02 11:18 +05:30:   [32m➜[39m  [1mLocal[22m:   [36mhttp://localhost:[1m8800[22m/[39m
2026-01-02 11:18 +05:30:   [32m➜[39m  [1mNetwork[22m: [36mhttp://169.254.83.107:[1m8800[22m/[39m
2026-01-02 11:18 +05:30:   [32m➜[39m  [1mNetwork[22m: [36mhttp://192.168.1.37:[1m8800[22m/[39m
2026-01-02 11:18 +05:30: [baseline-browser-mapping] The data in this module is over two months old.  To ensure accurate Baseline data, please update: `npm i baseline-browser-mapping@latest -D`
2026-01-03 10:12 +05:30: 
2026-01-03 10:12 +05:30: > cmscrm-frontend@1.0.0 dev
2026-01-03 10:12 +05:30: > vite --host 0.0.0.0 --port 8800
2026-01-03 10:12 +05:30: 
2026-01-03 10:13 +05:30: 
2026-01-03 10:13 +05:30:   [32m[1mVITE[22m v7.1.9[39m  [2mready in [0m[1m4848[22m[2m[0m ms[22m
2026-01-03 10:13 +05:30: 
2026-01-03 10:13 +05:30:   [32m➜[39m  [1mLocal[22m:   [36mhttp://localhost:[1m8800[22m/[39m
2026-01-03 10:13 +05:30:   [32m➜[39m  [1mNetwork[22m: [36mhttp://169.254.83.107:[1m8800[22m/[39m
2026-01-03 10:13 +05:30:   [32m➜[39m  [1mNetwork[22m: [36mhttp://192.168.1.37:[1m8800[22m/[39m
2026-01-03 10:13 +05:30: [baseline-browser-mapping] The data in this module is over two months old.  To ensure accurate Baseline data, please update: `npm i baseline-browser-mapping@latest -D`
2026-01-04 10:07 +05:30: 
2026-01-04 10:07 +05:30: > cmscrm-frontend@1.0.0 dev
2026-01-04 10:07 +05:30: > vite --host 0.0.0.0 --port 8800
2026-01-04 10:07 +05:30: 
2026-01-04 10:07 +05:30: 
2026-01-04 10:07 +05:30:   [32m[1mVITE[22m v7.1.9[39m  [2mready in [0m[1m1522[22m[2m[0m ms[22m
2026-01-04 10:07 +05:30: 
2026-01-04 10:07 +05:30:   [32m➜[39m  [1mLocal[22m:   [36mhttp://localhost:[1m8800[22m/[39m
2026-01-04 10:07 +05:30:   [32m➜[39m  [1mNetwork[22m: [36mhttp://169.254.83.107:[1m8800[22m/[39m
2026-01-04 10:07 +05:30:   [32m➜[39m  [1mNetwork[22m: [36mhttp://192.168.1.37:[1m8800[22m/[39m
2026-01-04 10:07 +05:30: [baseline-browser-mapping] The data in this module is over two months old.  To ensure accurate Baseline data, please update: `npm i baseline-browser-mapping@latest -D`
2026-01-04 14:23 +05:30: 
2026-01-04 14:23 +05:30: > cmscrm-frontend@1.0.0 dev
2026-01-04 14:23 +05:30: > vite --host 0.0.0.0 --port 8800
2026-01-04 14:23 +05:30: 
2026-01-04 14:23 +05:30: 
2026-01-04 14:23 +05:30:   [32m[1mVITE[22m v7.1.9[39m  [2mready in [0m[1m1745[22m[2m[0m ms[22m
2026-01-04 14:23 +05:30: 
2026-01-04 14:23 +05:30:   [32m➜[39m  [1mLocal[22m:   [36mhttp://localhost:[1m8800[22m/[39m
2026-01-04 14:23 +05:30:   [32m➜[39m  [1mNetwork[22m: [36mhttp://169.254.83.107:[1m8800[22m/[39m
2026-01-04 14:23 +05:30:   [32m➜[39m  [1mNetwork[22m: [36mhttp://192.168.137.1:[1m8800[22m/[39m
2026-01-04 14:23 +05:30:   [32m➜[39m  [1mNetwork[22m: [36mhttp://192.168.1.37:[1m8800[22m/[39m
2026-01-04 14:23 +05:30: [baseline-browser-mapping] The data in this module is over two months old.  To ensure accurate Baseline data, please update: `npm i baseline-browser-mapping@latest -D`
2026-01-05 11:07 +05:30: 
2026-01-05 11:07 +05:30: > cmscrm-frontend@1.0.0 dev
2026-01-05 11:07 +05:30: > vite --host 0.0.0.0 --port 8800
2026-01-05 11:07 +05:30: 
2026-01-05 11:07 +05:30: 
2026-01-05 11:07 +05:30:   [32m[1mVITE[22m v7.1.9[39m  [2mready in [0m[1m1706[22m[2m[0m ms[22m
2026-01-05 11:07 +05:30: 
2026-01-05 11:07 +05:30:   [32m➜[39m  [1mLocal[22m:   [36mhttp://localhost:[1m8800[22m/[39m
2026-01-05 11:07 +05:30:   [32m➜[39m  [1mNetwork[22m: [36mhttp://169.254.83.107:[1m8800[22m/[39m
2026-01-05 11:07 +05:30:   [32m➜[39m  [1mNetwork[22m: [36mhttp://192.168.1.37:[1m8800[22m/[39m
2026-01-05 11:07 +05:30: [baseline-browser-mapping] The data in this module is over two months old.  To ensure accurate Baseline data, please update: `npm i baseline-browser-mapping@latest -D`
2026-01-05 19:04 +05:30: 
2026-01-05 19:04 +05:30: > cmscrm-frontend@1.0.0 dev
2026-01-05 19:04 +05:30: > vite --host 0.0.0.0 --port 8800
2026-01-05 19:04 +05:30: 
2026-01-05 19:04 +05:30: 
2026-01-05 19:04 +05:30:   [32m[1mVITE[22m v7.1.9[39m  [2mready in [0m[1m1136[22m[2m[0m ms[22m
2026-01-05 19:04 +05:30: 
2026-01-05 19:04 +05:30:   [32m➜[39m  [1mLocal[22m:   [36mhttp://localhost:[1m8800[22m/[39m
2026-01-05 19:04 +05:30:   [32m➜[39m  [1mNetwork[22m: [36mhttp://169.254.83.107:[1m8800[22m/[39m
2026-01-05 19:04 +05:30: [baseline-browser-mapping] The data in this module is over two months old.  To ensure accurate Baseline data, please update: `npm i baseline-browser-mapping@latest -D`
2026-01-06 13:01 +05:30: 
2026-01-06 13:01 +05:30: > cmscrm-frontend@1.0.0 dev
2026-01-06 13:01 +05:30: > vite --host 0.0.0.0 --port 8800
2026-01-06 13:01 +05:30: 
2026-01-06 13:01 +05:30: 
2026-01-06 13:01 +05:30:   [32m[1mVITE[22m v7.1.9[39m  [2mready in [0m[1m1170[22m[2m[0m ms[22m
2026-01-06 13:01 +05:30: 
2026-01-06 13:01 +05:30:   [32m➜[39m  [1mLocal[22m:   [36mhttp://localhost:[1m8800[22m/[39m
2026-01-06 13:01 +05:30:   [32m➜[39m  [1mNetwork[22m: [36mhttp://169.254.83.107:[1m8800[22m/[39m
2026-01-06 13:01 +05:30:   [32m➜[39m  [1mNetwork[22m: [36mhttp://172.22.184.69:[1m8800[22m/[39m
2026-01-06 13:01 +05:30: [baseline-browser-mapping] The data in this module is over two months old.  To ensure accurate Baseline data, please update: `npm i baseline-browser-mapping@latest -D`
2026-01-07 10:57 +05:30: 
2026-01-07 10:57 +05:30: > cmscrm-frontend@1.0.0 dev
2026-01-07 10:57 +05:30: > vite --host 0.0.0.0 --port 8800
2026-01-07 10:57 +05:30: 
2026-01-07 10:57 +05:30: 
2026-01-07 10:57 +05:30:   [32m[1mVITE[22m v7.1.9[39m  [2mready in [0m[1m1434[22m[2m[0m ms[22m
2026-01-07 10:57 +05:30: 
2026-01-07 10:57 +05:30:   [32m➜[39m  [1mLocal[22m:   [36mhttp://localhost:[1m8800[22m/[39m
2026-01-07 10:57 +05:30:   [32m➜[39m  [1mNetwork[22m: [36mhttp://169.254.83.107:[1m8800[22m/[39m
2026-01-07 10:57 +05:30:   [32m➜[39m  [1mNetwork[22m: [36mhttp://192.168.1.37:[1m8800[22m/[39m
2026-01-07 10:57 +05:30: [baseline-browser-mapping] The data in this module is over two months old.  To ensure accurate Baseline data, please update: `npm i baseline-browser-mapping@latest -D`
2026-01-07 15:44 +05:30: 
2026-01-07 15:44 +05:30: > cmscrm-frontend@1.0.0 dev
2026-01-07 15:44 +05:30: > vite --host 0.0.0.0 --port 8800
2026-01-07 15:44 +05:30: 
2026-01-07 15:44 +05:30: 
2026-01-07 15:44 +05:30:   [32m[1mVITE[22m v7.1.9[39m  [2mready in [0m[1m1868[22m[2m[0m ms[22m
2026-01-07 15:44 +05:30: 
2026-01-07 15:44 +05:30:   [32m➜[39m  [1mLocal[22m:   [36mhttp://localhost:[1m8800[22m/[39m
2026-01-07 15:44 +05:30:   [32m➜[39m  [1mNetwork[22m: [36mhttp://169.254.83.107:[1m8800[22m/[39m
2026-01-07 15:44 +05:30:   [32m➜[39m  [1mNetwork[22m: [36mhttp://192.168.137.1:[1m8800[22m/[39m
2026-01-07 15:44 +05:30:   [32m➜[39m  [1mNetwork[22m: [36mhttp://192.168.1.37:[1m8800[22m/[39m
2026-01-07 15:44 +05:30: [baseline-browser-mapping] The data in this module is over two months old.  To ensure accurate Baseline data, please update: `npm i baseline-browser-mapping@latest -D`
2026-01-07 20:27 +05:30: 
2026-01-07 20:27 +05:30: > cmscrm-frontend@1.0.0 dev
2026-01-07 20:27 +05:30: > vite --host 0.0.0.0 --port 8800
2026-01-07 20:27 +05:30: 
2026-01-07 20:27 +05:30: 
2026-01-07 20:27 +05:30:   [32m[1mVITE[22m v7.1.9[39m  [2mready in [0m[1m1566[22m[2m[0m ms[22m
2026-01-07 20:27 +05:30: 
2026-01-07 20:27 +05:30:   [32m➜[39m  [1mLocal[22m:   [36mhttp://localhost:[1m8800[22m/[39m
2026-01-07 20:27 +05:30:   [32m➜[39m  [1mNetwork[22m: [36mhttp://169.254.83.107:[1m8800[22m/[39m
2026-01-07 20:27 +05:30:   [32m➜[39m  [1mNetwork[22m: [36mhttp://10.243.203.69:[1m8800[22m/[39m
2026-01-07 20:27 +05:30: [baseline-browser-mapping] The data in this module is over two months old.  To ensure accurate Baseline data, please update: `npm i baseline-browser-mapping@latest -D`
2026-01-08 10:57 +05:30: 
2026-01-08 10:57 +05:30: > cmscrm-frontend@1.0.0 dev
2026-01-08 10:57 +05:30: > vite --host 0.0.0.0 --port 8800
2026-01-08 10:57 +05:30: 
2026-01-08 10:57 +05:30: 
2026-01-08 10:57 +05:30:   [32m[1mVITE[22m v7.1.9[39m  [2mready in [0m[1m796[22m[2m[0m ms[22m
2026-01-08 10:57 +05:30: 
2026-01-08 10:57 +05:30:   [32m➜[39m  [1mLocal[22m:   [36mhttp://localhost:[1m8800[22m/[39m
2026-01-08 10:57 +05:30:   [32m➜[39m  [1mNetwork[22m: [36mhttp://169.254.83.107:[1m8800[22m/[39m
2026-01-08 10:57 +05:30:   [32m➜[39m  [1mNetwork[22m: [36mhttp://192.168.137.1:[1m8800[22m/[39m
2026-01-08 10:57 +05:30:   [32m➜[39m  [1mNetwork[22m: [36mhttp://192.168.1.37:[1m8800[22m/[39m
2026-01-08 10:57 +05:30: [baseline-browser-mapping] The data in this module is over two months old.  To ensure accurate Baseline data, please update: `npm i baseline-browser-mapping@latest -D`
2026-01-08 11:13 +05:30: 
2026-01-08 11:13 +05:30: > cmscrm-frontend@1.0.0 dev
2026-01-08 11:13 +05:30: > vite --host 0.0.0.0 --port 8800
2026-01-08 11:13 +05:30: 
2026-01-08 11:13 +05:30: 
2026-01-08 11:13 +05:30:   [32m[1mVITE[22m v7.1.9[39m  [2mready in [0m[1m855[22m[2m[0m ms[22m
2026-01-08 11:13 +05:30: 
2026-01-08 11:13 +05:30:   [32m➜[39m  [1mLocal[22m:   [36mhttp://localhost:[1m8800[22m/[39m
2026-01-08 11:13 +05:30:   [32m➜[39m  [1mNetwork[22m: [36mhttp://169.254.83.107:[1m8800[22m/[39m
2026-01-08 11:13 +05:30:   [32m➜[39m  [1mNetwork[22m: [36mhttp://192.168.137.1:[1m8800[22m/[39m
2026-01-08 11:13 +05:30:   [32m➜[39m  [1mNetwork[22m: [36mhttp://192.168.1.37:[1m8800[22m/[39m
2026-01-08 11:13 +05:30: [baseline-browser-mapping] The data in this module is over two months old.  To ensure accurate Baseline data, please update: `npm i baseline-browser-mapping@latest -D`
2026-01-09 11:23 +05:30: 
2026-01-09 11:23 +05:30: > cmscrm-frontend@1.0.0 dev
2026-01-09 11:23 +05:30: > vite --host 0.0.0.0 --port 8800
2026-01-09 11:23 +05:30: 
2026-01-09 11:23 +05:30: 
2026-01-09 11:23 +05:30:   [32m[1mVITE[22m v7.1.9[39m  [2mready in [0m[1m943[22m[2m[0m ms[22m
2026-01-09 11:23 +05:30: 
2026-01-09 11:23 +05:30:   [32m➜[39m  [1mLocal[22m:   [36mhttp://localhost:[1m8800[22m/[39m
2026-01-09 11:23 +05:30:   [32m➜[39m  [1mNetwork[22m: [36mhttp://169.254.83.107:[1m8800[22m/[39m
2026-01-09 11:23 +05:30:   [32m➜[39m  [1mNetwork[22m: [36mhttp://192.168.137.1:[1m8800[22m/[39m
2026-01-09 11:23 +05:30:   [32m➜[39m  [1mNetwork[22m: [36mhttp://192.168.1.37:[1m8800[22m/[39m
2026-01-09 11:23 +05:30: [baseline-browser-mapping] The data in this module is over two months old.  To ensure accurate Baseline data, please update: `npm i baseline-browser-mapping@latest -D`
